<?xml version="1.0" encoding="utf-8"?>
<CoverageSession xmlns:xsd="http://www.w3.org/2001/XMLSchema" xmlns:xsi="http://www.w3.org/2001/XMLSchema-instance">
  <Summary numSequencePoints="161" visitedSequencePoints="53" numBranchPoints="124" visitedBranchPoints="20" sequenceCoverage="32.92" branchCoverage="16.13" maxCyclomaticComplexity="11" minCyclomaticComplexity="0" visitedClasses="2" numClasses="10" visitedMethods="11" numMethods="35" />
  <Modules>
    <Module skippedDueTo="Filter" hash="1C-14-EF-7D-5A-01-7B-5A-59-2C-0B-20-CA-15-5F-9F-6F-18-E5-6C">
      <FullName>C:\Windows\Microsoft.Net\assembly\GAC_64\mscorlib\v4.0_4.0.0.0__b77a5c561934e089\mscorlib.dll</FullName>
      <ModuleName>mscorlib</ModuleName>
      <Classes />
    </Module>
    <Module skippedDueTo="MissingPdb" hash="CA-75-2A-9A-E7-E4-D8-A9-4C-34-49-6E-3D-94-D3-D9-77-7E-75-8B">
      <FullName>D:\mvc-onion-template\mvc-onion-template\packages\xunit.runner.console.2.0.0\tools\xunit.console.exe</FullName>
      <ModuleName>xunit.console</ModuleName>
      <Classes />
    </Module>
    <Module skippedDueTo="MissingPdb" hash="B0-74-B1-8D-51-BC-0F-BE-6F-0A-E9-01-EB-0F-3D-B4-01-89-D9-28">
      <FullName>D:\mvc-onion-template\mvc-onion-template\packages\xunit.runner.console.2.0.0\tools\xunit.runner.utility.desktop.dll</FullName>
      <ModuleName>xunit.runner.utility.desktop</ModuleName>
      <Classes />
    </Module>
    <Module skippedDueTo="Filter" hash="04-DF-13-16-0B-F4-57-A9-D9-9C-5A-63-DC-51-CD-BF-FD-3A-AF-DA">
      <FullName>C:\Windows\Microsoft.Net\assembly\GAC_MSIL\System\v4.0_4.0.0.0__b77a5c561934e089\System.dll</FullName>
      <ModuleName>System</ModuleName>
      <Classes />
    </Module>
    <Module skippedDueTo="Filter" hash="79-A8-94-78-12-5A-20-71-0A-77-F6-BF-44-4F-76-CD-EE-98-04-1B">
      <FullName>C:\Windows\Microsoft.Net\assembly\GAC_MSIL\System.Core\v4.0_4.0.0.0__b77a5c561934e089\System.Core.dll</FullName>
      <ModuleName>System.Core</ModuleName>
      <Classes />
    </Module>
    <Module skippedDueTo="Filter" hash="DF-4A-DE-40-BE-24-D6-36-12-5C-3E-21-0D-59-5D-93-07-87-C1-6D">
      <FullName>C:\Windows\Microsoft.Net\assembly\GAC_MSIL\System.Xml.Linq\v4.0_4.0.0.0__b77a5c561934e089\System.Xml.Linq.dll</FullName>
      <ModuleName>System.Xml.Linq</ModuleName>
      <Classes />
    </Module>
    <Module skippedDueTo="Filter" hash="2C-B8-8B-0E-27-14-38-8E-71-A5-1D-A0-EE-33-D9-22-5F-A4-AF-79">
      <FullName>C:\Windows\Microsoft.Net\assembly\GAC_MSIL\System.Xml\v4.0_4.0.0.0__b77a5c561934e089\System.Xml.dll</FullName>
      <ModuleName>System.Xml</ModuleName>
      <Classes />
    </Module>
    <Module skippedDueTo="Filter" hash="3B-FD-DC-EB-D9-C6-34-64-C7-D5-6A-D1-A0-04-93-80-2B-B0-C7-73">
      <FullName>C:\Windows\Microsoft.Net\assembly\GAC_MSIL\System.Configuration\v4.0_4.0.0.0__b03f5f7f11d50a3a\System.Configuration.dll</FullName>
      <ModuleName>System.Configuration</ModuleName>
      <Classes />
    </Module>
    <Module skippedDueTo="MissingPdb" hash="0D-93-02-F5-BA-A6-97-B2-1E-7D-A1-81-8A-4F-5F-B9-97-BB-A9-BC">
      <FullName>D:\mvc-onion-template\mvc-onion-template\packages\xunit.runner.console.2.0.0\tools\xunit.abstractions.dll</FullName>
      <ModuleName>xunit.abstractions</ModuleName>
      <Classes />
    </Module>
    <Module skippedDueTo="Filter" hash="7F-81-CF-59-8F-B1-AA-71-57-68-B7-C1-F6-5B-05-E4-3F-1D-EA-43">
      <FullName>C:\Windows\Microsoft.Net\assembly\GAC_MSIL\System.Runtime\v4.0_4.0.0.0__b03f5f7f11d50a3a\System.Runtime.dll</FullName>
      <ModuleName>System.Runtime</ModuleName>
      <Classes />
    </Module>
    <Module skippedDueTo="MissingPdb" hash="B0-74-B1-8D-51-BC-0F-BE-6F-0A-E9-01-EB-0F-3D-B4-01-89-D9-28">
      <FullName>C:\Users\Udvikler\AppData\Local\Temp\29fc9420-4bb7-4c61-87a3-5cfd3c004257\29fc9420-4bb7-4c61-87a3-5cfd3c004257\assembly\dl3\8eacaa9b\b8a71890_e4dbd001\xunit.runner.utility.desktop.dll</FullName>
      <ModuleName>xunit.runner.utility.desktop</ModuleName>
      <Classes />
    </Module>
    <Module skippedDueTo="Filter" hash="79-A8-94-78-12-5A-20-71-0A-77-F6-BF-44-4F-76-CD-EE-98-04-1B">
      <FullName>C:\Windows\Microsoft.Net\assembly\GAC_MSIL\System.Core\v4.0_4.0.0.0__b77a5c561934e089\System.Core.dll</FullName>
      <ModuleName>System.Core</ModuleName>
      <Classes />
    </Module>
    <Module skippedDueTo="Filter" hash="04-DF-13-16-0B-F4-57-A9-D9-9C-5A-63-DC-51-CD-BF-FD-3A-AF-DA">
      <FullName>C:\Windows\Microsoft.Net\assembly\GAC_MSIL\System\v4.0_4.0.0.0__b77a5c561934e089\System.dll</FullName>
      <ModuleName>System</ModuleName>
      <Classes />
    </Module>
    <Module skippedDueTo="MissingPdb" hash="">
      <FullName>RefEmit_InMemoryManifestModule</FullName>
      <ModuleName>Anonymously Hosted DynamicMethods Assembly</ModuleName>
      <Classes />
    </Module>
    <Module hash="90-91-8C-0A-FA-C6-BC-B3-91-0A-4C-F1-93-B9-0E-8B-56-55-37-B1">
      <Summary numSequencePoints="0" visitedSequencePoints="0" numBranchPoints="0" visitedBranchPoints="0" sequenceCoverage="0" branchCoverage="0" maxCyclomaticComplexity="0" minCyclomaticComplexity="0" visitedClasses="0" numClasses="0" visitedMethods="0" numMethods="0" />
      <FullName>D:\mvc-onion-template\mvc-onion-template\UnitTests\bin\Debug\UnitTests.dll</FullName>
      <ModuleName>UnitTests</ModuleName>
      <Files />
      <Classes>
        <Class skippedDueTo="Filter">
          <FullName>&lt;Module&gt;</FullName>
          <Methods />
        </Class>
        <Class skippedDueTo="Filter">
          <FullName>UnitTests.Examples.FakeDbContext</FullName>
          <Methods />
        </Class>
        <Class skippedDueTo="Filter">
          <FullName>UnitTests.Examples.FakeDbContext/&lt;Index_ReturnsSelectListAndViewModel_TypesAndModelMatchesAndSelectedIdIsZeroAndNameIsNull&gt;o__SiteContainera</FullName>
          <Methods />
        </Class>
      </Classes>
    </Module>
    <Module skippedDueTo="Filter" hash="EC-FF-9D-4B-0C-AE-7A-3C-63-A6-9E-91-68-0A-BA-A4-D2-4E-03-EE">
      <FullName>C:\Windows\Microsoft.Net\assembly\GAC_MSIL\System.Reflection\v4.0_4.0.0.0__b03f5f7f11d50a3a\System.Reflection.dll</FullName>
      <ModuleName>System.Reflection</ModuleName>
      <Classes />
    </Module>
    <Module skippedDueTo="MissingPdb" hash="B3-7E-92-55-B0-9D-3E-9D-D0-BE-7E-AD-BD-44-6A-04-A5-2F-6E-1D">
      <FullName>D:\mvc-onion-template\mvc-onion-template\UnitTests\bin\Debug\xunit.execution.desktop.dll</FullName>
      <ModuleName>xunit.execution.desktop</ModuleName>
      <Classes />
    </Module>
    <Module skippedDueTo="MissingPdb" hash="9E-A9-5D-7F-86-82-4D-02-7D-07-AD-C0-17-06-5D-73-8F-1F-28-44">
      <FullName>D:\mvc-onion-template\mvc-onion-template\UnitTests\bin\Debug\xunit.abstractions.dll</FullName>
      <ModuleName>xunit.abstractions</ModuleName>
      <Classes />
    </Module>
    <Module skippedDueTo="Filter" hash="04-DF-13-16-0B-F4-57-A9-D9-9C-5A-63-DC-51-CD-BF-FD-3A-AF-DA">
      <FullName>C:\Windows\Microsoft.Net\assembly\GAC_MSIL\System\v4.0_4.0.0.0__b77a5c561934e089\System.dll</FullName>
      <ModuleName>System</ModuleName>
      <Classes />
    </Module>
    <Module skippedDueTo="MissingPdb" hash="B0-74-B1-8D-51-BC-0F-BE-6F-0A-E9-01-EB-0F-3D-B4-01-89-D9-28">
      <FullName>D:\mvc-onion-template\mvc-onion-template\UnitTests\bin\Debug\xunit.runner.utility.desktop.dll</FullName>
      <ModuleName>xunit.runner.utility.desktop</ModuleName>
      <Classes />
    </Module>
    <Module hash="92-86-F5-EF-BA-E0-F5-CA-93-B9-77-A4-87-F3-14-4E-B6-44-13-6B">
      <Summary numSequencePoints="0" visitedSequencePoints="0" numBranchPoints="0" visitedBranchPoints="0" sequenceCoverage="0" branchCoverage="0" maxCyclomaticComplexity="0" minCyclomaticComplexity="0" visitedClasses="0" numClasses="0" visitedMethods="0" numMethods="0" />
      <FullName>D:\mvc-onion-template\mvc-onion-template\UnitTests\bin\Debug\xunit.core.dll</FullName>
      <ModuleName>xunit.core</ModuleName>
      <Files />
      <Classes>
        <Class skippedDueTo="Filter">
          <FullName>&lt;Module&gt;</FullName>
          <Methods />
        </Class>
        <Class skippedDueTo="Filter">
          <FullName>ExceptionExtensions</FullName>
          <Methods />
        </Class>
        <Class skippedDueTo="Filter">
          <FullName>Guard</FullName>
          <Methods />
        </Class>
        <Class skippedDueTo="Filter">
          <FullName>Xunit.Sdk.ArgumentFormatter</FullName>
          <Methods />
        </Class>
        <Class skippedDueTo="Filter">
          <FullName>Xunit.Sdk.ArgumentFormatter/&lt;&gt;c__DisplayClassc</FullName>
          <Methods />
        </Class>
        <Class skippedDueTo="Filter">
          <FullName>Xunit.Sdk.ArgumentFormatter/&lt;&gt;c__DisplayClassc/&lt;&gt;c__DisplayClasse</FullName>
          <Methods />
        </Class>
        <Class skippedDueTo="Filter">
          <FullName>Xunit.Sdk.ArgumentFormatter/&lt;&gt;c__DisplayClassc/&lt;&gt;c__DisplayClass10</FullName>
          <Methods />
        </Class>
        <Class skippedDueTo="Filter">
          <FullName>Xunit.Sdk.ArgumentFormatter/&lt;&gt;c__DisplayClass13</FullName>
          <Methods />
        </Class>
        <Class skippedDueTo="Filter">
          <FullName>Xunit.Sdk.AssertEqualityComparer`1</FullName>
          <Methods />
        </Class>
        <Class skippedDueTo="Filter">
          <FullName>Xunit.Sdk.AssertEqualityComparer`1/&lt;&gt;c__DisplayClass2</FullName>
          <Methods />
        </Class>
        <Class skippedDueTo="Filter">
          <FullName>Xunit.Sdk.AssertEqualityComparerAdapter`1</FullName>
          <Methods />
        </Class>
        <Class skippedDueTo="Filter">
          <FullName>Xunit.CollectionAttribute</FullName>
          <Methods />
        </Class>
        <Class skippedDueTo="Filter">
          <FullName>Xunit.CollectionBehaviorAttribute</FullName>
          <Methods />
        </Class>
        <Class skippedDueTo="Filter">
          <FullName>Xunit.CollectionDefinitionAttribute</FullName>
          <Methods />
        </Class>
        <Class skippedDueTo="Filter">
          <FullName>Xunit.FactAttribute</FullName>
          <Methods />
        </Class>
        <Class skippedDueTo="Filter">
          <FullName>Xunit.Sdk.DataAttribute</FullName>
          <Methods />
        </Class>
        <Class skippedDueTo="Filter">
          <FullName>Xunit.InlineDataAttribute</FullName>
          <Methods />
        </Class>
        <Class skippedDueTo="Filter">
          <FullName>Xunit.MemberDataAttributeBase</FullName>
          <Methods />
        </Class>
        <Class skippedDueTo="Filter">
          <FullName>Xunit.MemberDataAttributeBase/&lt;&gt;c__DisplayClass1</FullName>
          <Methods />
        </Class>
        <Class skippedDueTo="Filter">
          <FullName>Xunit.MemberDataAttributeBase/&lt;&gt;c__DisplayClass4</FullName>
          <Methods />
        </Class>
        <Class skippedDueTo="Filter">
          <FullName>Xunit.MemberDataAttributeBase/&lt;&gt;c__DisplayClass7</FullName>
          <Methods />
        </Class>
        <Class skippedDueTo="Filter">
          <FullName>Xunit.MemberDataAttributeBase/&lt;&gt;c__DisplayClassa</FullName>
          <Methods />
        </Class>
        <Class skippedDueTo="Filter">
          <FullName>Xunit.MemberDataAttribute</FullName>
          <Methods />
        </Class>
        <Class skippedDueTo="Filter">
          <FullName>Xunit.Extensions.PropertyDataAttribute</FullName>
          <Methods />
        </Class>
        <Class skippedDueTo="Filter">
          <FullName>Xunit.Record</FullName>
          <Methods />
        </Class>
        <Class skippedDueTo="Filter">
          <FullName>Xunit.Sdk.BeforeAfterTestAttribute</FullName>
          <Methods />
        </Class>
        <Class skippedDueTo="Filter">
          <FullName>Xunit.Sdk.DataDiscoverer</FullName>
          <Methods />
        </Class>
        <Class skippedDueTo="Filter">
          <FullName>Xunit.Sdk.MemberDataDiscoverer</FullName>
          <Methods />
        </Class>
        <Class skippedDueTo="Filter">
          <FullName>Xunit.Sdk.DataDiscovererAttribute</FullName>
          <Methods />
        </Class>
        <Class skippedDueTo="Filter">
          <FullName>Xunit.Sdk.ExceptionAggregator</FullName>
          <Methods />
        </Class>
        <Class skippedDueTo="Filter">
          <FullName>Xunit.Sdk.InlineDataDiscoverer</FullName>
          <Methods />
        </Class>
        <Class skippedDueTo="Filter">
          <FullName>Xunit.Sdk.PlatformSpecificAssemblyAttribute</FullName>
          <Methods />
        </Class>
        <Class skippedDueTo="Filter">
          <FullName>Xunit.Sdk.RunSummary</FullName>
          <Methods />
        </Class>
        <Class skippedDueTo="Filter">
          <FullName>Xunit.Sdk.TestFrameworkDiscovererAttribute</FullName>
          <Methods />
        </Class>
        <Class skippedDueTo="Filter">
          <FullName>Xunit.Sdk.XunitTestCaseDiscovererAttribute</FullName>
          <Methods />
        </Class>
        <Class skippedDueTo="Filter">
          <FullName>Xunit.Sdk.TraitDiscoverer</FullName>
          <Methods />
        </Class>
        <Class skippedDueTo="Filter">
          <FullName>Xunit.Sdk.TraitDiscoverer/&lt;GetTraits&gt;d__0</FullName>
          <Methods />
        </Class>
        <Class skippedDueTo="Filter">
          <FullName>Xunit.Sdk.TraitDiscovererAttribute</FullName>
          <Methods />
        </Class>
        <Class skippedDueTo="Filter">
          <FullName>Xunit.TestCollectionOrdererAttribute</FullName>
          <Methods />
        </Class>
        <Class skippedDueTo="Filter">
          <FullName>Xunit.TestCaseOrdererAttribute</FullName>
          <Methods />
        </Class>
        <Class skippedDueTo="Filter">
          <FullName>Xunit.TestFrameworkAttribute</FullName>
          <Methods />
        </Class>
        <Class skippedDueTo="Filter">
          <FullName>Xunit.TheoryAttribute</FullName>
          <Methods />
        </Class>
        <Class skippedDueTo="Filter">
          <FullName>Xunit.TheoryData</FullName>
          <Methods />
        </Class>
        <Class skippedDueTo="Filter">
          <FullName>Xunit.TheoryData`1</FullName>
          <Methods />
        </Class>
        <Class skippedDueTo="Filter">
          <FullName>Xunit.TheoryData`2</FullName>
          <Methods />
        </Class>
        <Class skippedDueTo="Filter">
          <FullName>Xunit.TheoryData`3</FullName>
          <Methods />
        </Class>
        <Class skippedDueTo="Filter">
          <FullName>Xunit.TheoryData`4</FullName>
          <Methods />
        </Class>
        <Class skippedDueTo="Filter">
          <FullName>Xunit.TheoryData`5</FullName>
          <Methods />
        </Class>
        <Class skippedDueTo="Filter">
          <FullName>Xunit.TraitAttribute</FullName>
          <Methods />
        </Class>
        <Class skippedDueTo="Filter">
          <FullName>&lt;&gt;f__AnonymousType0`2</FullName>
          <Methods />
        </Class>
      </Classes>
    </Module>
    <Module skippedDueTo="Filter" hash="79-A8-94-78-12-5A-20-71-0A-77-F6-BF-44-4F-76-CD-EE-98-04-1B">
      <FullName>C:\Windows\Microsoft.Net\assembly\GAC_MSIL\System.Core\v4.0_4.0.0.0__b77a5c561934e089\System.Core.dll</FullName>
      <ModuleName>System.Core</ModuleName>
      <Classes />
    </Module>
    <Module skippedDueTo="Filter" hash="7F-81-CF-59-8F-B1-AA-71-57-68-B7-C1-F6-5B-05-E4-3F-1D-EA-43">
      <FullName>C:\Windows\Microsoft.Net\assembly\GAC_MSIL\System.Runtime\v4.0_4.0.0.0__b03f5f7f11d50a3a\System.Runtime.dll</FullName>
      <ModuleName>System.Runtime</ModuleName>
      <Classes />
    </Module>
    <Module skippedDueTo="Filter" hash="27-0A-97-DD-A0-B2-35-29-E2-FC-54-09-5F-DD-E0-F6-7A-D7-02-7D">
      <FullName>C:\Windows\Microsoft.Net\assembly\GAC_MSIL\System.Threading.Tasks\v4.0_4.0.0.0__b03f5f7f11d50a3a\System.Threading.Tasks.dll</FullName>
      <ModuleName>System.Threading.Tasks</ModuleName>
      <Classes />
    </Module>
    <Module skippedDueTo="Filter" hash="4C-89-BF-38-16-4E-9D-79-E6-3D-4C-DF-BA-B7-64-7C-0A-41-01-99">
      <FullName>C:\Windows\Microsoft.Net\assembly\GAC_MSIL\System.Linq\v4.0_4.0.0.0__b03f5f7f11d50a3a\System.Linq.dll</FullName>
      <ModuleName>System.Linq</ModuleName>
      <Classes />
    </Module>
    <Module skippedDueTo="Filter" hash="46-D9-0E-7C-F3-A5-60-14-68-5C-FC-D9-F5-6C-61-55-5D-E0-B5-EE">
      <FullName>C:\Windows\Microsoft.Net\assembly\GAC_MSIL\System.Collections\v4.0_4.0.0.0__b03f5f7f11d50a3a\System.Collections.dll</FullName>
      <ModuleName>System.Collections</ModuleName>
      <Classes />
    </Module>
    <Module skippedDueTo="Filter" hash="46-D9-0E-7C-F3-A5-60-14-68-5C-FC-D9-F5-6C-61-55-5D-E0-B5-EE">
      <FullName>C:\Windows\Microsoft.Net\assembly\GAC_MSIL\System.Collections\v4.0_4.0.0.0__b03f5f7f11d50a3a\System.Collections.dll</FullName>
      <ModuleName>System.Collections</ModuleName>
      <Classes />
    </Module>
    <Module skippedDueTo="MissingPdb" hash="8F-FE-32-17-AE-89-DD-19-A9-A5-30-56-EE-80-2F-91-4D-D1-0D-75">
      <FullName>D:\mvc-onion-template\mvc-onion-template\UnitTests\bin\Debug\EntityFramework.dll</FullName>
      <ModuleName>EntityFramework</ModuleName>
      <Classes />
    </Module>
    <Module hash="E4-C6-43-AD-0A-9C-CE-10-BA-5D-B5-E4-B1-42-ED-A9-D6-34-AC-17">
      <Summary numSequencePoints="0" visitedSequencePoints="0" numBranchPoints="0" visitedBranchPoints="0" sequenceCoverage="0" branchCoverage="0" maxCyclomaticComplexity="0" minCyclomaticComplexity="0" visitedClasses="0" numClasses="0" visitedMethods="0" numMethods="0" />
      <FullName>D:\mvc-onion-template\mvc-onion-template\UnitTests\bin\Debug\Core.DomainModel.dll</FullName>
      <ModuleName>Core.DomainModel</ModuleName>
      <Files />
      <Classes>
        <Class skippedDueTo="Filter">
          <FullName>&lt;Module&gt;</FullName>
          <Methods />
        </Class>
        <Class skippedDueTo="Filter">
          <FullName>Core.DomainModel.ApplicationUser</FullName>
          <Methods />
        </Class>
        <Class skippedDueTo="Filter">
          <FullName>Core.ApplicationServices.Mail.EmailModel</FullName>
          <Methods />
        </Class>
        <Class skippedDueTo="Filter">
          <FullName>Core.DomainModel.Student</FullName>
          <Methods />
        </Class>
        <Class skippedDueTo="Filter">
          <FullName>Core.DomainModel.Course</FullName>
          <Methods />
        </Class>
        <Class skippedDueTo="Filter">
          <FullName>Core.DomainModel.Teacher</FullName>
          <Methods />
        </Class>
        <Class skippedDueTo="Filter">
          <FullName>Core.DomainModel.ClassRoom</FullName>
          <Methods />
        </Class>
      </Classes>
    </Module>
    <Module skippedDueTo="MissingPdb" hash="19-66-3E-0B-FF-CA-B4-8F-1B-5A-74-26-90-83-AD-9E-4A-34-E3-25">
      <FullName>D:\mvc-onion-template\mvc-onion-template\UnitTests\bin\Debug\Faker.NET4.dll</FullName>
      <ModuleName>Faker.NET4</ModuleName>
      <Classes />
    </Module>
    <Module skippedDueTo="MissingPdb" hash="3F-C5-78-D5-38-53-D6-2F-16-68-95-CA-44-C3-6F-F7-02-AA-BE-33">
      <FullName>D:\mvc-onion-template\mvc-onion-template\UnitTests\bin\Debug\NSubstitute.dll</FullName>
      <ModuleName>NSubstitute</ModuleName>
      <Classes />
    </Module>
    <Module hash="42-E6-EA-A7-DF-19-6E-21-87-8F-45-F1-10-D5-1D-F3-83-71-4F-34">
      <Summary numSequencePoints="0" visitedSequencePoints="0" numBranchPoints="0" visitedBranchPoints="0" sequenceCoverage="0" branchCoverage="0" maxCyclomaticComplexity="0" minCyclomaticComplexity="0" visitedClasses="0" numClasses="0" visitedMethods="0" numMethods="0" />
      <FullName>D:\mvc-onion-template\mvc-onion-template\UnitTests\bin\Debug\Core.DomainServices.dll</FullName>
      <ModuleName>Core.DomainServices</ModuleName>
      <Files />
      <Classes>
        <Class skippedDueTo="Filter">
          <FullName>&lt;Module&gt;</FullName>
          <Methods />
        </Class>
      </Classes>
    </Module>
    <Module skippedDueTo="MissingPdb" hash="3D-89-FA-C8-BA-86-44-6B-1F-83-C3-CD-AF-E8-C0-5A-32-89-ED-5C">
      <FullName>D:\mvc-onion-template\mvc-onion-template\UnitTests\bin\Debug\Microsoft.AspNet.Identity.Core.dll</FullName>
      <ModuleName>Microsoft.AspNet.Identity.Core</ModuleName>
      <Classes />
    </Module>
    <Module hash="45-51-A4-6A-B9-56-43-B3-67-7A-2C-69-95-69-62-F4-0D-2B-DE-5D">
      <Summary numSequencePoints="161" visitedSequencePoints="53" numBranchPoints="124" visitedBranchPoints="20" sequenceCoverage="32.92" branchCoverage="16.13" maxCyclomaticComplexity="11" minCyclomaticComplexity="0" visitedClasses="2" numClasses="10" visitedMethods="11" numMethods="35" />
      <FullName>D:\mvc-onion-template\mvc-onion-template\UnitTests\bin\Debug\Web.dll</FullName>
      <ModuleName>Web</ModuleName>
      <Files>
        <File uid="1" fullPath="d:\mvc-onion-template\mvc-onion-template\Presentation.Web\Controllers\ExampleAccountController.cs" />
        <File uid="5" fullPath="d:\mvc-onion-template\mvc-onion-template\Presentation.Web\Controllers\ExampleManageController.cs" />
        <File uid="8" fullPath="d:\mvc-onion-template\mvc-onion-template\Presentation.Web\Controllers\ExampleStudentController.cs" />
        <File uid="10" fullPath="d:\mvc-onion-template\mvc-onion-template\Presentation.Web\Controllers\HomeController.cs" />
      </Files>
      <Classes>
        <Class skippedDueTo="Filter">
          <FullName>&lt;Module&gt;</FullName>
          <Methods />
        </Class>
        <Class skippedDueTo="Filter">
          <FullName>Web.BundleConfig</FullName>
          <Methods />
        </Class>
        <Class skippedDueTo="Filter">
          <FullName>Web.FilterConfig</FullName>
          <Methods />
        </Class>
        <Class skippedDueTo="Filter">
          <FullName>Web.ApplicationUserManager</FullName>
          <Methods />
        </Class>
        <Class skippedDueTo="Filter">
          <FullName>Web.ApplicationSignInManager</FullName>
          <Methods />
        </Class>
        <Class skippedDueTo="Filter">
          <FullName>Web.EmailService</FullName>
          <Methods />
        </Class>
        <Class skippedDueTo="Filter">
          <FullName>Web.SmsService</FullName>
          <Methods />
        </Class>
        <Class skippedDueTo="Filter">
          <FullName>Web.App_Start.MappingConfig</FullName>
          <Methods />
        </Class>
        <Class skippedDueTo="Filter">
          <FullName>Web.App_Start.NinjectWebCommon</FullName>
          <Methods />
        </Class>
        <Class skippedDueTo="Filter">
          <FullName>Web.RouteConfig</FullName>
          <Methods />
        </Class>
        <Class skippedDueTo="Filter">
          <FullName>Web.Startup</FullName>
          <Methods />
        </Class>
        <Class>
          <Summary numSequencePoints="29" visitedSequencePoints="0" numBranchPoints="15" visitedBranchPoints="0" sequenceCoverage="0" branchCoverage="0" maxCyclomaticComplexity="2" minCyclomaticComplexity="1" visitedClasses="0" numClasses="1" visitedMethods="0" numMethods="9" />
          <FullName>Web.Controllers.ExampleAccountController</FullName>
          <Methods>
            <Method visited="false" cyclomaticComplexity="1" sequenceCoverage="0" branchCoverage="0" isConstructor="false" isStatic="false" isGetter="true" isSetter="false">
              <Summary numSequencePoints="3" visitedSequencePoints="0" numBranchPoints="1" visitedBranchPoints="0" sequenceCoverage="0" branchCoverage="0" maxCyclomaticComplexity="1" minCyclomaticComplexity="1" visitedClasses="0" numClasses="0" visitedMethods="0" numMethods="1" />
              <MetadataToken>100663328</MetadataToken>
              <Name>Microsoft.Owin.Security.IAuthenticationManager Web.Controllers.ExampleAccountController::get_AuthenticationManager()</Name>
              <FileRef uid="1" />
              <SequencePoints>
                <SequencePoint vc="0" uspid="1" ordinal="0" offset="0" sl="19" sc="13" el="19" ec="14" bec="0" bev="0" fileid="1" />
                <SequencePoint vc="0" uspid="2" ordinal="1" offset="1" sl="20" sc="17" el="20" ec="68" bec="0" bev="0" fileid="1" />
                <SequencePoint vc="0" uspid="3" ordinal="2" offset="20" sl="21" sc="13" el="21" ec="14" bec="0" bev="0" fileid="1" />
              </SequencePoints>
              <BranchPoints />
              <MethodPoint xsi:type="SequencePoint" vc="0" uspid="1" ordinal="0" offset="0" sl="19" sc="13" el="19" ec="14" bec="0" bev="0" fileid="1" />
            </Method>
            <Method visited="false" cyclomaticComplexity="2" sequenceCoverage="0" branchCoverage="0" isConstructor="false" isStatic="false" isGetter="true" isSetter="false">
              <Summary numSequencePoints="3" visitedSequencePoints="0" numBranchPoints="3" visitedBranchPoints="0" sequenceCoverage="0" branchCoverage="0" maxCyclomaticComplexity="2" minCyclomaticComplexity="2" visitedClasses="0" numClasses="0" visitedMethods="0" numMethods="1" />
              <MetadataToken>100663329</MetadataToken>
              <Name>Web.ApplicationUserManager Web.Controllers.ExampleAccountController::get_UserManager()</Name>
              <FileRef uid="1" />
              <SequencePoints>
                <SequencePoint vc="0" uspid="4" ordinal="0" offset="0" sl="26" sc="13" el="26" ec="14" bec="0" bev="0" fileid="1" />
                <SequencePoint vc="0" uspid="5" ordinal="1" offset="1" sl="27" sc="17" el="27" ec="110" bec="2" bev="0" fileid="1" />
                <SequencePoint vc="0" uspid="6" ordinal="2" offset="30" sl="28" sc="13" el="28" ec="14" bec="0" bev="0" fileid="1" />
              </SequencePoints>
              <BranchPoints>
                <BranchPoint vc="0" uspid="7" ordinal="0" offset="8" sl="27" path="0" offsetend="10" fileid="1" />
                <BranchPoint vc="0" uspid="8" ordinal="1" offset="8" sl="27" path="1" offsetend="27" fileid="1" />
              </BranchPoints>
              <MethodPoint xsi:type="SequencePoint" vc="0" uspid="4" ordinal="0" offset="0" sl="26" sc="13" el="26" ec="14" bec="0" bev="0" fileid="1" />
            </Method>
            <Method visited="false" cyclomaticComplexity="1" sequenceCoverage="0" branchCoverage="0" isConstructor="false" isStatic="false" isGetter="false" isSetter="true">
              <Summary numSequencePoints="3" visitedSequencePoints="0" numBranchPoints="1" visitedBranchPoints="0" sequenceCoverage="0" branchCoverage="0" maxCyclomaticComplexity="1" minCyclomaticComplexity="1" visitedClasses="0" numClasses="0" visitedMethods="0" numMethods="1" />
              <MetadataToken>100663330</MetadataToken>
              <Name>System.Void Web.Controllers.ExampleAccountController::set_UserManager(Web.ApplicationUserManager)</Name>
              <FileRef uid="1" />
              <SequencePoints>
                <SequencePoint vc="0" uspid="9" ordinal="0" offset="0" sl="30" sc="13" el="30" ec="14" bec="0" bev="0" fileid="1" />
                <SequencePoint vc="0" uspid="10" ordinal="1" offset="1" sl="31" sc="17" el="31" ec="38" bec="0" bev="0" fileid="1" />
                <SequencePoint vc="0" uspid="11" ordinal="2" offset="8" sl="32" sc="13" el="32" ec="14" bec="0" bev="0" fileid="1" />
              </SequencePoints>
              <BranchPoints />
              <MethodPoint xsi:type="SequencePoint" vc="0" uspid="9" ordinal="0" offset="0" sl="30" sc="13" el="30" ec="14" bec="0" bev="0" fileid="1" />
            </Method>
            <Method visited="false" cyclomaticComplexity="2" sequenceCoverage="0" branchCoverage="0" isConstructor="false" isStatic="false" isGetter="true" isSetter="false">
              <Summary numSequencePoints="3" visitedSequencePoints="0" numBranchPoints="3" visitedBranchPoints="0" sequenceCoverage="0" branchCoverage="0" maxCyclomaticComplexity="2" minCyclomaticComplexity="2" visitedClasses="0" numClasses="0" visitedMethods="0" numMethods="1" />
              <MetadataToken>100663331</MetadataToken>
              <Name>Web.ApplicationSignInManager Web.Controllers.ExampleAccountController::get_SignInManager()</Name>
              <FileRef uid="1" />
              <SequencePoints>
                <SequencePoint vc="0" uspid="12" ordinal="0" offset="0" sl="37" sc="13" el="37" ec="14" bec="0" bev="0" fileid="1" />
                <SequencePoint vc="0" uspid="13" ordinal="1" offset="1" sl="38" sc="17" el="38" ec="103" bec="2" bev="0" fileid="1" />
                <SequencePoint vc="0" uspid="14" ordinal="2" offset="30" sl="39" sc="13" el="39" ec="14" bec="0" bev="0" fileid="1" />
              </SequencePoints>
              <BranchPoints>
                <BranchPoint vc="0" uspid="15" ordinal="0" offset="8" sl="38" path="0" offsetend="10" fileid="1" />
                <BranchPoint vc="0" uspid="16" ordinal="1" offset="8" sl="38" path="1" offsetend="27" fileid="1" />
              </BranchPoints>
              <MethodPoint xsi:type="SequencePoint" vc="0" uspid="12" ordinal="0" offset="0" sl="37" sc="13" el="37" ec="14" bec="0" bev="0" fileid="1" />
            </Method>
            <Method visited="false" cyclomaticComplexity="1" sequenceCoverage="0" branchCoverage="0" isConstructor="false" isStatic="false" isGetter="false" isSetter="true">
              <Summary numSequencePoints="3" visitedSequencePoints="0" numBranchPoints="1" visitedBranchPoints="0" sequenceCoverage="0" branchCoverage="0" maxCyclomaticComplexity="1" minCyclomaticComplexity="1" visitedClasses="0" numClasses="0" visitedMethods="0" numMethods="1" />
              <MetadataToken>100663332</MetadataToken>
              <Name>System.Void Web.Controllers.ExampleAccountController::set_SignInManager(Web.ApplicationSignInManager)</Name>
              <FileRef uid="1" />
              <SequencePoints>
                <SequencePoint vc="0" uspid="17" ordinal="0" offset="0" sl="40" sc="25" el="40" ec="26" bec="0" bev="0" fileid="1" />
                <SequencePoint vc="0" uspid="18" ordinal="1" offset="1" sl="40" sc="27" el="40" ec="50" bec="0" bev="0" fileid="1" />
                <SequencePoint vc="0" uspid="19" ordinal="2" offset="8" sl="40" sc="51" el="40" ec="52" bec="0" bev="0" fileid="1" />
              </SequencePoints>
              <BranchPoints />
              <MethodPoint xsi:type="SequencePoint" vc="0" uspid="17" ordinal="0" offset="0" sl="40" sc="25" el="40" ec="26" bec="0" bev="0" fileid="1" />
            </Method>
            <Method visited="false" cyclomaticComplexity="1" sequenceCoverage="0" branchCoverage="0" isConstructor="false" isStatic="false" isGetter="false" isSetter="false">
              <Summary numSequencePoints="3" visitedSequencePoints="0" numBranchPoints="1" visitedBranchPoints="0" sequenceCoverage="0" branchCoverage="0" maxCyclomaticComplexity="1" minCyclomaticComplexity="1" visitedClasses="0" numClasses="0" visitedMethods="0" numMethods="1" />
              <MetadataToken>100663333</MetadataToken>
              <Name>System.Web.Mvc.ActionResult Web.Controllers.ExampleAccountController::Register()</Name>
              <FileRef uid="1" />
              <SequencePoints>
                <SequencePoint vc="0" uspid="20" ordinal="0" offset="0" sl="45" sc="9" el="45" ec="10" bec="0" bev="0" fileid="1" />
                <SequencePoint vc="0" uspid="21" ordinal="1" offset="1" sl="46" sc="13" el="46" ec="27" bec="0" bev="0" fileid="1" />
                <SequencePoint vc="0" uspid="22" ordinal="2" offset="10" sl="47" sc="9" el="47" ec="10" bec="0" bev="0" fileid="1" />
              </SequencePoints>
              <BranchPoints />
              <MethodPoint xsi:type="SequencePoint" vc="0" uspid="20" ordinal="0" offset="0" sl="45" sc="9" el="45" ec="10" bec="0" bev="0" fileid="1" />
            </Method>
            <Method visited="false" cyclomaticComplexity="1" sequenceCoverage="0" branchCoverage="0" isConstructor="false" isStatic="false" isGetter="false" isSetter="false">
              <Summary numSequencePoints="0" visitedSequencePoints="0" numBranchPoints="0" visitedBranchPoints="0" sequenceCoverage="0" branchCoverage="0" maxCyclomaticComplexity="1" minCyclomaticComplexity="1" visitedClasses="0" numClasses="0" visitedMethods="0" numMethods="0" />
              <MetadataToken>100663334</MetadataToken>
              <Name>System.Threading.Tasks.Task`1&lt;System.Web.Mvc.ActionResult&gt; Web.Controllers.ExampleAccountController::Register(Web.Models.RegisterViewModelExample)</Name>
              <SequencePoints />
              <BranchPoints />
              <MethodPoint vc="0" uspid="23" ordinal="0" offset="0" />
            </Method>
            <Method visited="false" cyclomaticComplexity="2" sequenceCoverage="0" branchCoverage="0" isConstructor="false" isStatic="false" isGetter="false" isSetter="false">
              <Summary numSequencePoints="4" visitedSequencePoints="0" numBranchPoints="3" visitedBranchPoints="0" sequenceCoverage="0" branchCoverage="0" maxCyclomaticComplexity="2" minCyclomaticComplexity="2" visitedClasses="0" numClasses="0" visitedMethods="0" numMethods="1" />
              <MetadataToken>100663335</MetadataToken>
              <Name>System.Web.Mvc.ActionResult Web.Controllers.ExampleAccountController::Login(System.String)</Name>
              <FileRef uid="1" />
              <SequencePoints>
                <SequencePoint vc="0" uspid="24" ordinal="0" offset="0" sl="72" sc="9" el="72" ec="10" bec="0" bev="0" fileid="1" />
                <SequencePoint vc="0" uspid="25" ordinal="1" offset="1" sl="73" sc="13" el="73" ec="43" bec="2" bev="0" fileid="1" />
                <SequencePoint vc="0" uspid="26" ordinal="2" offset="97" sl="74" sc="13" el="74" ec="27" bec="0" bev="0" fileid="1" />
                <SequencePoint vc="0" uspid="27" ordinal="3" offset="106" sl="75" sc="9" el="75" ec="10" bec="0" bev="0" fileid="1" />
              </SequencePoints>
              <BranchPoints>
                <BranchPoint vc="0" uspid="28" ordinal="0" offset="6" sl="73" path="0" offsetend="8" fileid="1" />
                <BranchPoint vc="0" uspid="29" ordinal="1" offset="6" sl="73" path="1" offsetend="69" fileid="1" />
              </BranchPoints>
              <MethodPoint xsi:type="SequencePoint" vc="0" uspid="24" ordinal="0" offset="0" sl="72" sc="9" el="72" ec="10" bec="0" bev="0" fileid="1" />
            </Method>
            <Method visited="false" cyclomaticComplexity="1" sequenceCoverage="0" branchCoverage="0" isConstructor="false" isStatic="false" isGetter="false" isSetter="false">
              <Summary numSequencePoints="0" visitedSequencePoints="0" numBranchPoints="0" visitedBranchPoints="0" sequenceCoverage="0" branchCoverage="0" maxCyclomaticComplexity="1" minCyclomaticComplexity="1" visitedClasses="0" numClasses="0" visitedMethods="0" numMethods="0" />
              <MetadataToken>100663336</MetadataToken>
              <Name>System.Threading.Tasks.Task`1&lt;System.Web.Mvc.ActionResult&gt; Web.Controllers.ExampleAccountController::Login(Web.Models.LoginViewModelExample,System.String)</Name>
              <SequencePoints />
              <BranchPoints />
              <MethodPoint vc="0" uspid="30" ordinal="0" offset="0" />
            </Method>
            <Method visited="false" cyclomaticComplexity="1" sequenceCoverage="0" branchCoverage="0" isConstructor="false" isStatic="false" isGetter="false" isSetter="false">
              <Summary numSequencePoints="4" visitedSequencePoints="0" numBranchPoints="1" visitedBranchPoints="0" sequenceCoverage="0" branchCoverage="0" maxCyclomaticComplexity="1" minCyclomaticComplexity="1" visitedClasses="0" numClasses="0" visitedMethods="0" numMethods="1" />
              <MetadataToken>100663337</MetadataToken>
              <Name>System.Web.Mvc.ActionResult Web.Controllers.ExampleAccountController::Logout()</Name>
              <FileRef uid="1" />
              <SequencePoints>
                <SequencePoint vc="0" uspid="31" ordinal="0" offset="0" sl="98" sc="9" el="98" ec="10" bec="0" bev="0" fileid="1" />
                <SequencePoint vc="0" uspid="32" ordinal="1" offset="1" sl="99" sc="13" el="99" ec="45" bec="0" bev="0" fileid="1" />
                <SequencePoint vc="0" uspid="33" ordinal="2" offset="19" sl="100" sc="13" el="100" ec="54" bec="0" bev="0" fileid="1" />
                <SequencePoint vc="0" uspid="34" ordinal="3" offset="38" sl="101" sc="9" el="101" ec="10" bec="0" bev="0" fileid="1" />
              </SequencePoints>
              <BranchPoints />
              <MethodPoint xsi:type="SequencePoint" vc="0" uspid="31" ordinal="0" offset="0" sl="98" sc="9" el="98" ec="10" bec="0" bev="0" fileid="1" />
            </Method>
            <Method visited="false" cyclomaticComplexity="1" sequenceCoverage="0" branchCoverage="0" isConstructor="false" isStatic="false" isGetter="false" isSetter="false">
              <Summary numSequencePoints="3" visitedSequencePoints="0" numBranchPoints="1" visitedBranchPoints="0" sequenceCoverage="0" branchCoverage="0" maxCyclomaticComplexity="1" minCyclomaticComplexity="1" visitedClasses="0" numClasses="0" visitedMethods="0" numMethods="1" />
              <MetadataToken>100663338</MetadataToken>
              <Name>System.Web.Mvc.ActionResult Web.Controllers.ExampleAccountController::ForgotPassword()</Name>
              <FileRef uid="1" />
              <SequencePoints>
                <SequencePoint vc="0" uspid="35" ordinal="0" offset="0" sl="105" sc="9" el="105" ec="10" bec="0" bev="0" fileid="1" />
                <SequencePoint vc="0" uspid="36" ordinal="1" offset="1" sl="106" sc="13" el="106" ec="27" bec="0" bev="0" fileid="1" />
                <SequencePoint vc="0" uspid="37" ordinal="2" offset="10" sl="107" sc="9" el="107" ec="10" bec="0" bev="0" fileid="1" />
              </SequencePoints>
              <BranchPoints />
              <MethodPoint xsi:type="SequencePoint" vc="0" uspid="35" ordinal="0" offset="0" sl="105" sc="9" el="105" ec="10" bec="0" bev="0" fileid="1" />
            </Method>
            <Method visited="false" cyclomaticComplexity="1" sequenceCoverage="0" branchCoverage="0" isConstructor="false" isStatic="false" isGetter="false" isSetter="false">
              <Summary numSequencePoints="0" visitedSequencePoints="0" numBranchPoints="0" visitedBranchPoints="0" sequenceCoverage="0" branchCoverage="0" maxCyclomaticComplexity="1" minCyclomaticComplexity="1" visitedClasses="0" numClasses="0" visitedMethods="0" numMethods="0" />
              <MetadataToken>100663339</MetadataToken>
              <Name>System.Threading.Tasks.Task`1&lt;System.Web.Mvc.ActionResult&gt; Web.Controllers.ExampleAccountController::ForgotPassword(Web.Models.ForgotPasswordViewModelExample)</Name>
              <SequencePoints />
              <BranchPoints />
              <MethodPoint vc="0" uspid="38" ordinal="0" offset="0" />
            </Method>
            <Method visited="false" cyclomaticComplexity="1" sequenceCoverage="0" branchCoverage="0" isConstructor="true" isStatic="false" isGetter="false" isSetter="false">
              <Summary numSequencePoints="0" visitedSequencePoints="0" numBranchPoints="0" visitedBranchPoints="0" sequenceCoverage="0" branchCoverage="0" maxCyclomaticComplexity="1" minCyclomaticComplexity="1" visitedClasses="0" numClasses="0" visitedMethods="0" numMethods="0" />
              <MetadataToken>100663340</MetadataToken>
              <Name>System.Void Web.Controllers.ExampleAccountController::.ctor()</Name>
              <SequencePoints />
              <BranchPoints />
              <MethodPoint vc="0" uspid="39" ordinal="0" offset="0" />
            </Method>
          </Methods>
        </Class>
        <Class>
          <Summary numSequencePoints="11" visitedSequencePoints="0" numBranchPoints="15" visitedBranchPoints="0" sequenceCoverage="0" branchCoverage="0" maxCyclomaticComplexity="9" minCyclomaticComplexity="1" visitedClasses="0" numClasses="1" visitedMethods="0" numMethods="1" />
          <FullName>Web.Controllers.ExampleAccountController/&lt;Register&gt;d__1</FullName>
          <Methods>
            <Method visited="false" cyclomaticComplexity="9" sequenceCoverage="0" branchCoverage="0" isConstructor="false" isStatic="false" isGetter="false" isSetter="false">
              <Summary numSequencePoints="11" visitedSequencePoints="0" numBranchPoints="15" visitedBranchPoints="0" sequenceCoverage="0" branchCoverage="0" maxCyclomaticComplexity="9" minCyclomaticComplexity="9" visitedClasses="0" numClasses="0" visitedMethods="0" numMethods="1" />
              <MetadataToken>100663476</MetadataToken>
              <Name>System.Void Web.Controllers.ExampleAccountController/&lt;Register&gt;d__1::MoveNext()</Name>
              <FileRef uid="1" />
              <SequencePoints>
                <SequencePoint vc="0" uspid="40" ordinal="0" offset="57" sl="53" sc="9" el="53" ec="10" bec="4" bev="0" fileid="1" />
                <SequencePoint vc="0" uspid="41" ordinal="1" offset="58" sl="54" sc="13" el="54" ec="57" bec="2" bev="0" fileid="1" />
                <SequencePoint vc="0" uspid="42" ordinal="2" offset="94" sl="55" sc="17" el="55" ec="36" bec="0" bev="0" fileid="1" />
                <SequencePoint vc="0" uspid="43" ordinal="3" offset="117" sl="57" sc="13" el="57" ec="97" bec="0" bev="0" fileid="1" />
                <SequencePoint vc="0" uspid="44" ordinal="4" offset="186" sl="59" sc="13" el="59" ec="78" bec="2" bev="0" fileid="1" />
                <SequencePoint vc="0" uspid="45" ordinal="5" offset="328" sl="61" sc="13" el="61" ec="33" bec="2" bev="0" fileid="1" />
                <SequencePoint vc="0" uspid="46" ordinal="6" offset="351" sl="62" sc="13" el="62" ec="14" bec="0" bev="0" fileid="1" />
                <SequencePoint vc="0" uspid="47" ordinal="7" offset="352" sl="63" sc="17" el="63" ec="98" bec="2" bev="0" fileid="1" />
                <SequencePoint vc="0" uspid="48" ordinal="8" offset="476" sl="64" sc="17" el="64" ec="58" bec="0" bev="0" fileid="1" />
                <SequencePoint vc="0" uspid="49" ordinal="9" offset="500" sl="67" sc="13" el="67" ec="32" bec="0" bev="0" fileid="1" />
                <SequencePoint vc="0" uspid="50" ordinal="10" offset="547" sl="68" sc="9" el="68" ec="10" bec="0" bev="0" fileid="1" />
              </SequencePoints>
              <BranchPoints>
                <BranchPoint vc="0" uspid="51" ordinal="0" offset="13" sl="53" path="0" offsetchain="38 55" offsetend="57" fileid="1" />
                <BranchPoint vc="0" uspid="52" ordinal="1" offset="13" sl="53" path="1" offsetchain="40" offsetend="520" fileid="1" />
                <BranchPoint vc="0" uspid="53" ordinal="2" offset="13" sl="53" path="2" offsetchain="55" offsetend="57" fileid="1" />
                <BranchPoint vc="0" uspid="54" ordinal="3" offset="13" sl="53" path="3" offsetchain="55" offsetend="57" fileid="1" />
                <BranchPoint vc="0" uspid="55" ordinal="4" offset="13" sl="53" path="4" offsetchain="45" offsetend="272" fileid="1" />
                <BranchPoint vc="0" uspid="56" ordinal="5" offset="13" sl="53" path="5" offsetchain="50" offsetend="429" fileid="1" />
                <BranchPoint vc="0" uspid="57" ordinal="6" offset="92" sl="54" path="0" offsetend="94" fileid="1" />
                <BranchPoint vc="0" uspid="58" ordinal="7" offset="92" sl="54" path="1" offsetend="117" fileid="1" />
                <BranchPoint vc="0" uspid="59" ordinal="8" offset="233" sl="59" path="0" offsetend="235" fileid="1" />
                <BranchPoint vc="0" uspid="60" ordinal="9" offset="233" sl="59" path="1" offsetend="303" fileid="1" />
                <BranchPoint vc="0" uspid="61" ordinal="10" offset="346" sl="61" path="0" offsetend="351" fileid="1" />
                <BranchPoint vc="0" uspid="62" ordinal="11" offset="346" sl="61" path="1" offsetend="500" fileid="1" />
                <BranchPoint vc="0" uspid="63" ordinal="12" offset="390" sl="63" path="0" offsetend="392" fileid="1" />
                <BranchPoint vc="0" uspid="64" ordinal="13" offset="390" sl="63" path="1" offsetend="460" fileid="1" />
              </BranchPoints>
              <MethodPoint vc="0" uspid="65" ordinal="0" offset="0" />
            </Method>
            <Method visited="false" cyclomaticComplexity="1" sequenceCoverage="0" branchCoverage="0" isConstructor="false" isStatic="false" isGetter="false" isSetter="false">
              <Summary numSequencePoints="0" visitedSequencePoints="0" numBranchPoints="0" visitedBranchPoints="0" sequenceCoverage="0" branchCoverage="0" maxCyclomaticComplexity="1" minCyclomaticComplexity="1" visitedClasses="0" numClasses="0" visitedMethods="0" numMethods="0" />
              <MetadataToken>100663477</MetadataToken>
              <Name>System.Void Web.Controllers.ExampleAccountController/&lt;Register&gt;d__1::SetStateMachine(System.Runtime.CompilerServices.IAsyncStateMachine)</Name>
              <SequencePoints />
              <BranchPoints />
              <MethodPoint vc="0" uspid="66" ordinal="0" offset="0" />
            </Method>
          </Methods>
        </Class>
        <Class>
          <Summary numSequencePoints="0" visitedSequencePoints="0" numBranchPoints="0" visitedBranchPoints="0" sequenceCoverage="0" branchCoverage="0" maxCyclomaticComplexity="0" minCyclomaticComplexity="0" visitedClasses="0" numClasses="0" visitedMethods="0" numMethods="0" />
          <FullName>Web.Controllers.ExampleAccountController/&lt;Login&gt;o__SiteContainer7</FullName>
          <Methods />
        </Class>
        <Class>
          <Summary numSequencePoints="7" visitedSequencePoints="0" numBranchPoints="11" visitedBranchPoints="0" sequenceCoverage="0" branchCoverage="0" maxCyclomaticComplexity="6" minCyclomaticComplexity="1" visitedClasses="0" numClasses="1" visitedMethods="0" numMethods="1" />
          <FullName>Web.Controllers.ExampleAccountController/&lt;Login&gt;d__9</FullName>
          <Methods>
            <Method visited="false" cyclomaticComplexity="6" sequenceCoverage="0" branchCoverage="0" isConstructor="false" isStatic="false" isGetter="false" isSetter="false">
              <Summary numSequencePoints="7" visitedSequencePoints="0" numBranchPoints="11" visitedBranchPoints="0" sequenceCoverage="0" branchCoverage="0" maxCyclomaticComplexity="6" minCyclomaticComplexity="6" visitedClasses="0" numClasses="0" visitedMethods="0" numMethods="1" />
              <MetadataToken>100663478</MetadataToken>
              <Name>System.Void Web.Controllers.ExampleAccountController/&lt;Login&gt;d__9::MoveNext()</Name>
              <FileRef uid="1" />
              <SequencePoints>
                <SequencePoint vc="0" uspid="67" ordinal="0" offset="29" sl="81" sc="9" el="81" ec="10" bec="4" bev="0" fileid="1" />
                <SequencePoint vc="0" uspid="68" ordinal="1" offset="30" sl="82" sc="13" el="82" ec="123" bec="2" bev="0" fileid="1" />
                <SequencePoint vc="0" uspid="69" ordinal="2" offset="189" sl="84" sc="13" el="84" ec="28" bec="4" bev="0" fileid="1" />
                <SequencePoint vc="0" uspid="70" ordinal="3" offset="209" sl="87" sc="21" el="87" ec="62" bec="0" bev="0" fileid="1" />
                <SequencePoint vc="0" uspid="71" ordinal="4" offset="233" sl="89" sc="21" el="89" ec="72" bec="0" bev="0" fileid="1" />
                <SequencePoint vc="0" uspid="72" ordinal="5" offset="257" sl="92" sc="13" el="92" ec="27" bec="0" bev="0" fileid="1" />
                <SequencePoint vc="0" uspid="73" ordinal="6" offset="298" sl="93" sc="9" el="93" ec="10" bec="0" bev="0" fileid="1" />
              </SequencePoints>
              <BranchPoints>
                <BranchPoint vc="0" uspid="74" ordinal="0" offset="12" sl="81" path="0" offsetend="14" fileid="1" />
                <BranchPoint vc="0" uspid="75" ordinal="1" offset="12" sl="81" path="1" offsetchain="20" offsetend="271" fileid="1" />
                <BranchPoint vc="0" uspid="76" ordinal="2" offset="16" sl="81" path="0" offsetchain="18 27" offsetend="29" fileid="1" />
                <BranchPoint vc="0" uspid="77" ordinal="3" offset="16" sl="81" path="1" offsetchain="25" offsetend="133" fileid="1" />
                <BranchPoint vc="0" uspid="78" ordinal="4" offset="94" sl="82" path="0" offsetend="96" fileid="1" />
                <BranchPoint vc="0" uspid="79" ordinal="5" offset="94" sl="82" path="1" offsetend="164" fileid="1" />
                <BranchPoint vc="0" uspid="80" ordinal="6" offset="200" sl="84" path="0" offsetend="202" fileid="1" />
                <BranchPoint vc="0" uspid="81" ordinal="7" offset="200" sl="84" path="1" offsetend="209" fileid="1" />
                <BranchPoint vc="0" uspid="82" ordinal="8" offset="205" sl="84" path="0" offsetchain="207" offsetend="257" fileid="1" />
                <BranchPoint vc="0" uspid="83" ordinal="9" offset="205" sl="84" path="1" offsetend="233" fileid="1" />
              </BranchPoints>
              <MethodPoint vc="0" uspid="84" ordinal="0" offset="0" />
            </Method>
            <Method visited="false" cyclomaticComplexity="1" sequenceCoverage="0" branchCoverage="0" isConstructor="false" isStatic="false" isGetter="false" isSetter="false">
              <Summary numSequencePoints="0" visitedSequencePoints="0" numBranchPoints="0" visitedBranchPoints="0" sequenceCoverage="0" branchCoverage="0" maxCyclomaticComplexity="1" minCyclomaticComplexity="1" visitedClasses="0" numClasses="0" visitedMethods="0" numMethods="0" />
              <MetadataToken>100663479</MetadataToken>
              <Name>System.Void Web.Controllers.ExampleAccountController/&lt;Login&gt;d__9::SetStateMachine(System.Runtime.CompilerServices.IAsyncStateMachine)</Name>
              <SequencePoints />
              <BranchPoints />
              <MethodPoint vc="0" uspid="85" ordinal="0" offset="0" />
            </Method>
          </Methods>
        </Class>
        <Class>
          <Summary numSequencePoints="7" visitedSequencePoints="0" numBranchPoints="15" visitedBranchPoints="0" sequenceCoverage="0" branchCoverage="0" maxCyclomaticComplexity="9" minCyclomaticComplexity="1" visitedClasses="0" numClasses="1" visitedMethods="0" numMethods="1" />
          <FullName>Web.Controllers.ExampleAccountController/&lt;ForgotPassword&gt;d__d</FullName>
          <Methods>
            <Method visited="false" cyclomaticComplexity="9" sequenceCoverage="0" branchCoverage="0" isConstructor="false" isStatic="false" isGetter="false" isSetter="false">
              <Summary numSequencePoints="7" visitedSequencePoints="0" numBranchPoints="15" visitedBranchPoints="0" sequenceCoverage="0" branchCoverage="0" maxCyclomaticComplexity="9" minCyclomaticComplexity="9" visitedClasses="0" numClasses="0" visitedMethods="0" numMethods="1" />
              <MetadataToken>100663480</MetadataToken>
              <Name>System.Void Web.Controllers.ExampleAccountController/&lt;ForgotPassword&gt;d__d::MoveNext()</Name>
              <FileRef uid="1" />
              <SequencePoints>
                <SequencePoint vc="0" uspid="86" ordinal="0" offset="54" sl="113" sc="9" el="113" ec="10" bec="4" bev="0" fileid="1" />
                <SequencePoint vc="0" uspid="87" ordinal="1" offset="55" sl="114" sc="13" el="114" ec="72" bec="2" bev="0" fileid="1" />
                <SequencePoint vc="0" uspid="88" ordinal="2" offset="191" sl="115" sc="13" el="115" ec="86" bec="6" bev="0" fileid="1" />
                <SequencePoint vc="0" uspid="89" ordinal="3" offset="332" sl="116" sc="13" el="116" ec="14" bec="0" bev="0" fileid="1" />
                <SequencePoint vc="0" uspid="90" ordinal="4" offset="333" sl="118" sc="13" el="118" ec="14" bec="0" bev="0" fileid="1" />
                <SequencePoint vc="0" uspid="91" ordinal="5" offset="334" sl="122" sc="13" el="122" ec="32" bec="0" bev="0" fileid="1" />
                <SequencePoint vc="0" uspid="92" ordinal="6" offset="381" sl="123" sc="9" el="123" ec="10" bec="0" bev="0" fileid="1" />
              </SequencePoints>
              <BranchPoints>
                <BranchPoint vc="0" uspid="93" ordinal="0" offset="13" sl="113" path="0" offsetchain="38 52" offsetend="54" fileid="1" />
                <BranchPoint vc="0" uspid="94" ordinal="1" offset="13" sl="113" path="1" offsetchain="40" offsetend="354" fileid="1" />
                <BranchPoint vc="0" uspid="95" ordinal="2" offset="13" sl="113" path="2" offsetchain="52" offsetend="54" fileid="1" />
                <BranchPoint vc="0" uspid="96" ordinal="3" offset="13" sl="113" path="3" offsetchain="52" offsetend="54" fileid="1" />
                <BranchPoint vc="0" uspid="97" ordinal="4" offset="13" sl="113" path="4" offsetchain="45" offsetend="135" fileid="1" />
                <BranchPoint vc="0" uspid="98" ordinal="5" offset="13" sl="113" path="5" offsetchain="47" offsetend="276" fileid="1" />
                <BranchPoint vc="0" uspid="99" ordinal="6" offset="96" sl="114" path="0" offsetend="98" fileid="1" />
                <BranchPoint vc="0" uspid="100" ordinal="7" offset="96" sl="114" path="1" offsetend="166" fileid="1" />
                <BranchPoint vc="0" uspid="101" ordinal="8" offset="197" sl="115" path="0" offsetend="199" fileid="1" />
                <BranchPoint vc="0" uspid="102" ordinal="9" offset="197" sl="115" path="1" offsetend="324" fileid="1" />
                <BranchPoint vc="0" uspid="103" ordinal="10" offset="240" sl="115" path="0" offsetend="242" fileid="1" />
                <BranchPoint vc="0" uspid="104" ordinal="11" offset="240" sl="115" path="1" offsetend="307" fileid="1" />
                <BranchPoint vc="0" uspid="105" ordinal="12" offset="330" sl="115" path="0" offsetend="332" fileid="1" />
                <BranchPoint vc="0" uspid="106" ordinal="13" offset="330" sl="115" path="1" offsetend="334" fileid="1" />
              </BranchPoints>
              <MethodPoint vc="0" uspid="107" ordinal="0" offset="0" />
            </Method>
            <Method visited="false" cyclomaticComplexity="1" sequenceCoverage="0" branchCoverage="0" isConstructor="false" isStatic="false" isGetter="false" isSetter="false">
              <Summary numSequencePoints="0" visitedSequencePoints="0" numBranchPoints="0" visitedBranchPoints="0" sequenceCoverage="0" branchCoverage="0" maxCyclomaticComplexity="1" minCyclomaticComplexity="1" visitedClasses="0" numClasses="0" visitedMethods="0" numMethods="0" />
              <MetadataToken>100663481</MetadataToken>
              <Name>System.Void Web.Controllers.ExampleAccountController/&lt;ForgotPassword&gt;d__d::SetStateMachine(System.Runtime.CompilerServices.IAsyncStateMachine)</Name>
              <SequencePoints />
              <BranchPoints />
              <MethodPoint vc="0" uspid="108" ordinal="0" offset="0" />
            </Method>
          </Methods>
        </Class>
        <Class>
          <Summary numSequencePoints="23" visitedSequencePoints="0" numBranchPoints="10" visitedBranchPoints="0" sequenceCoverage="0" branchCoverage="0" maxCyclomaticComplexity="2" minCyclomaticComplexity="1" visitedClasses="0" numClasses="1" visitedMethods="0" numMethods="6" />
          <FullName>Web.Controllers.ExampleManageController</FullName>
          <Methods>
            <Method visited="false" cyclomaticComplexity="1" sequenceCoverage="0" branchCoverage="0" isConstructor="false" isStatic="false" isGetter="true" isSetter="false">
              <Summary numSequencePoints="3" visitedSequencePoints="0" numBranchPoints="1" visitedBranchPoints="0" sequenceCoverage="0" branchCoverage="0" maxCyclomaticComplexity="1" minCyclomaticComplexity="1" visitedClasses="0" numClasses="0" visitedMethods="0" numMethods="1" />
              <MetadataToken>100663341</MetadataToken>
              <Name>Microsoft.Owin.Security.IAuthenticationManager Web.Controllers.ExampleManageController::get_AuthenticationManager()</Name>
              <FileRef uid="5" />
              <SequencePoints>
                <SequencePoint vc="0" uspid="109" ordinal="0" offset="0" sl="18" sc="17" el="18" ec="18" bec="0" bev="0" fileid="5" />
                <SequencePoint vc="0" uspid="110" ordinal="1" offset="1" sl="18" sc="19" el="18" ec="70" bec="0" bev="0" fileid="5" />
                <SequencePoint vc="0" uspid="111" ordinal="2" offset="20" sl="18" sc="71" el="18" ec="72" bec="0" bev="0" fileid="5" />
              </SequencePoints>
              <BranchPoints />
              <MethodPoint xsi:type="SequencePoint" vc="0" uspid="109" ordinal="0" offset="0" sl="18" sc="17" el="18" ec="18" bec="0" bev="0" fileid="5" />
            </Method>
            <Method visited="false" cyclomaticComplexity="2" sequenceCoverage="0" branchCoverage="0" isConstructor="false" isStatic="false" isGetter="true" isSetter="false">
              <Summary numSequencePoints="3" visitedSequencePoints="0" numBranchPoints="3" visitedBranchPoints="0" sequenceCoverage="0" branchCoverage="0" maxCyclomaticComplexity="2" minCyclomaticComplexity="2" visitedClasses="0" numClasses="0" visitedMethods="0" numMethods="1" />
              <MetadataToken>100663342</MetadataToken>
              <Name>Web.ApplicationUserManager Web.Controllers.ExampleManageController::get_UserManager()</Name>
              <FileRef uid="5" />
              <SequencePoints>
                <SequencePoint vc="0" uspid="112" ordinal="0" offset="0" sl="23" sc="13" el="23" ec="14" bec="0" bev="0" fileid="5" />
                <SequencePoint vc="0" uspid="113" ordinal="1" offset="1" sl="24" sc="17" el="24" ec="110" bec="2" bev="0" fileid="5" />
                <SequencePoint vc="0" uspid="114" ordinal="2" offset="30" sl="25" sc="13" el="25" ec="14" bec="0" bev="0" fileid="5" />
              </SequencePoints>
              <BranchPoints>
                <BranchPoint vc="0" uspid="115" ordinal="0" offset="8" sl="24" path="0" offsetend="10" fileid="5" />
                <BranchPoint vc="0" uspid="116" ordinal="1" offset="8" sl="24" path="1" offsetend="27" fileid="5" />
              </BranchPoints>
              <MethodPoint xsi:type="SequencePoint" vc="0" uspid="112" ordinal="0" offset="0" sl="23" sc="13" el="23" ec="14" bec="0" bev="0" fileid="5" />
            </Method>
            <Method visited="false" cyclomaticComplexity="1" sequenceCoverage="0" branchCoverage="0" isConstructor="false" isStatic="false" isGetter="false" isSetter="true">
              <Summary numSequencePoints="3" visitedSequencePoints="0" numBranchPoints="1" visitedBranchPoints="0" sequenceCoverage="0" branchCoverage="0" maxCyclomaticComplexity="1" minCyclomaticComplexity="1" visitedClasses="0" numClasses="0" visitedMethods="0" numMethods="1" />
              <MetadataToken>100663343</MetadataToken>
              <Name>System.Void Web.Controllers.ExampleManageController::set_UserManager(Web.ApplicationUserManager)</Name>
              <FileRef uid="5" />
              <SequencePoints>
                <SequencePoint vc="0" uspid="117" ordinal="0" offset="0" sl="27" sc="13" el="27" ec="14" bec="0" bev="0" fileid="5" />
                <SequencePoint vc="0" uspid="118" ordinal="1" offset="1" sl="28" sc="17" el="28" ec="38" bec="0" bev="0" fileid="5" />
                <SequencePoint vc="0" uspid="119" ordinal="2" offset="8" sl="29" sc="13" el="29" ec="14" bec="0" bev="0" fileid="5" />
              </SequencePoints>
              <BranchPoints />
              <MethodPoint xsi:type="SequencePoint" vc="0" uspid="117" ordinal="0" offset="0" sl="27" sc="13" el="27" ec="14" bec="0" bev="0" fileid="5" />
            </Method>
            <Method visited="false" cyclomaticComplexity="1" sequenceCoverage="0" branchCoverage="0" isConstructor="false" isStatic="false" isGetter="false" isSetter="false">
              <Summary numSequencePoints="4" visitedSequencePoints="0" numBranchPoints="1" visitedBranchPoints="0" sequenceCoverage="0" branchCoverage="0" maxCyclomaticComplexity="1" minCyclomaticComplexity="1" visitedClasses="0" numClasses="0" visitedMethods="0" numMethods="1" />
              <MetadataToken>100663344</MetadataToken>
              <Name>System.Web.Mvc.ActionResult Web.Controllers.ExampleManageController::Index()</Name>
              <FileRef uid="5" />
              <SequencePoints>
                <SequencePoint vc="0" uspid="120" ordinal="0" offset="0" sl="33" sc="9" el="33" ec="10" bec="0" bev="0" fileid="5" />
                <SequencePoint vc="0" uspid="121" ordinal="1" offset="1" sl="34" sc="13" el="37" ec="15" bec="0" bev="0" fileid="5" />
                <SequencePoint vc="0" uspid="122" ordinal="2" offset="22" sl="39" sc="13" el="39" ec="32" bec="0" bev="0" fileid="5" />
                <SequencePoint vc="0" uspid="123" ordinal="3" offset="32" sl="40" sc="9" el="40" ec="10" bec="0" bev="0" fileid="5" />
              </SequencePoints>
              <BranchPoints />
              <MethodPoint xsi:type="SequencePoint" vc="0" uspid="120" ordinal="0" offset="0" sl="33" sc="9" el="33" ec="10" bec="0" bev="0" fileid="5" />
            </Method>
            <Method visited="false" cyclomaticComplexity="1" sequenceCoverage="0" branchCoverage="0" isConstructor="false" isStatic="false" isGetter="false" isSetter="false">
              <Summary numSequencePoints="3" visitedSequencePoints="0" numBranchPoints="1" visitedBranchPoints="0" sequenceCoverage="0" branchCoverage="0" maxCyclomaticComplexity="1" minCyclomaticComplexity="1" visitedClasses="0" numClasses="0" visitedMethods="0" numMethods="1" />
              <MetadataToken>100663345</MetadataToken>
              <Name>System.Web.Mvc.ActionResult Web.Controllers.ExampleManageController::ChangePassword()</Name>
              <FileRef uid="5" />
              <SequencePoints>
                <SequencePoint vc="0" uspid="124" ordinal="0" offset="0" sl="43" sc="9" el="43" ec="10" bec="0" bev="0" fileid="5" />
                <SequencePoint vc="0" uspid="125" ordinal="1" offset="1" sl="44" sc="13" el="44" ec="27" bec="0" bev="0" fileid="5" />
                <SequencePoint vc="0" uspid="126" ordinal="2" offset="10" sl="45" sc="9" el="45" ec="10" bec="0" bev="0" fileid="5" />
              </SequencePoints>
              <BranchPoints />
              <MethodPoint xsi:type="SequencePoint" vc="0" uspid="124" ordinal="0" offset="0" sl="43" sc="9" el="43" ec="10" bec="0" bev="0" fileid="5" />
            </Method>
            <Method visited="false" cyclomaticComplexity="1" sequenceCoverage="0" branchCoverage="0" isConstructor="false" isStatic="false" isGetter="false" isSetter="false">
              <Summary numSequencePoints="0" visitedSequencePoints="0" numBranchPoints="0" visitedBranchPoints="0" sequenceCoverage="0" branchCoverage="0" maxCyclomaticComplexity="1" minCyclomaticComplexity="1" visitedClasses="0" numClasses="0" visitedMethods="0" numMethods="0" />
              <MetadataToken>100663346</MetadataToken>
              <Name>System.Threading.Tasks.Task`1&lt;System.Web.Mvc.ActionResult&gt; Web.Controllers.ExampleManageController::ChangePassword(Web.Models.ChangePasswordViewModelExample)</Name>
              <SequencePoints />
              <BranchPoints />
              <MethodPoint vc="0" uspid="127" ordinal="0" offset="0" />
            </Method>
            <Method visited="false" cyclomaticComplexity="1" sequenceCoverage="0" branchCoverage="0" isConstructor="false" isStatic="false" isGetter="false" isSetter="false">
              <Summary numSequencePoints="0" visitedSequencePoints="0" numBranchPoints="0" visitedBranchPoints="0" sequenceCoverage="0" branchCoverage="0" maxCyclomaticComplexity="1" minCyclomaticComplexity="1" visitedClasses="0" numClasses="0" visitedMethods="0" numMethods="0" />
              <MetadataToken>100663347</MetadataToken>
              <Name>System.Threading.Tasks.Task Web.Controllers.ExampleManageController::SignInAsync(Core.DomainModel.ApplicationUser,System.Boolean)</Name>
              <SequencePoints />
              <BranchPoints />
              <MethodPoint vc="0" uspid="128" ordinal="0" offset="0" />
            </Method>
            <Method visited="false" cyclomaticComplexity="2" sequenceCoverage="0" branchCoverage="0" isConstructor="false" isStatic="false" isGetter="false" isSetter="false">
              <Summary numSequencePoints="7" visitedSequencePoints="0" numBranchPoints="3" visitedBranchPoints="0" sequenceCoverage="0" branchCoverage="0" maxCyclomaticComplexity="2" minCyclomaticComplexity="2" visitedClasses="0" numClasses="0" visitedMethods="0" numMethods="1" />
              <MetadataToken>100663348</MetadataToken>
              <Name>System.Boolean Web.Controllers.ExampleManageController::HasPassword()</Name>
              <FileRef uid="5" />
              <SequencePoints>
                <SequencePoint vc="0" uspid="129" ordinal="0" offset="0" sl="73" sc="9" el="73" ec="10" bec="0" bev="0" fileid="5" />
                <SequencePoint vc="0" uspid="130" ordinal="1" offset="1" sl="74" sc="13" el="74" ec="72" bec="0" bev="0" fileid="5" />
                <SequencePoint vc="0" uspid="131" ordinal="2" offset="29" sl="75" sc="13" el="75" ec="30" bec="2" bev="0" fileid="5" />
                <SequencePoint vc="0" uspid="132" ordinal="3" offset="37" sl="76" sc="13" el="76" ec="14" bec="0" bev="0" fileid="5" />
                <SequencePoint vc="0" uspid="133" ordinal="4" offset="38" sl="77" sc="17" el="77" ec="50" bec="0" bev="0" fileid="5" />
                <SequencePoint vc="0" uspid="134" ordinal="5" offset="53" sl="79" sc="13" el="79" ec="26" bec="0" bev="0" fileid="5" />
                <SequencePoint vc="0" uspid="135" ordinal="6" offset="57" sl="80" sc="9" el="80" ec="10" bec="0" bev="0" fileid="5" />
              </SequencePoints>
              <BranchPoints>
                <BranchPoint vc="0" uspid="136" ordinal="0" offset="35" sl="75" path="0" offsetend="37" fileid="5" />
                <BranchPoint vc="0" uspid="137" ordinal="1" offset="35" sl="75" path="1" offsetend="53" fileid="5" />
              </BranchPoints>
              <MethodPoint xsi:type="SequencePoint" vc="0" uspid="129" ordinal="0" offset="0" sl="73" sc="9" el="73" ec="10" bec="0" bev="0" fileid="5" />
            </Method>
            <Method visited="false" cyclomaticComplexity="1" sequenceCoverage="0" branchCoverage="0" isConstructor="true" isStatic="false" isGetter="false" isSetter="false">
              <Summary numSequencePoints="0" visitedSequencePoints="0" numBranchPoints="0" visitedBranchPoints="0" sequenceCoverage="0" branchCoverage="0" maxCyclomaticComplexity="1" minCyclomaticComplexity="1" visitedClasses="0" numClasses="0" visitedMethods="0" numMethods="0" />
              <MetadataToken>100663349</MetadataToken>
              <Name>System.Void Web.Controllers.ExampleManageController::.ctor()</Name>
              <SequencePoints />
              <BranchPoints />
              <MethodPoint vc="0" uspid="138" ordinal="0" offset="0" />
            </Method>
          </Methods>
        </Class>
        <Class>
          <Summary numSequencePoints="12" visitedSequencePoints="0" numBranchPoints="18" visitedBranchPoints="0" sequenceCoverage="0" branchCoverage="0" maxCyclomaticComplexity="11" minCyclomaticComplexity="1" visitedClasses="0" numClasses="1" visitedMethods="0" numMethods="1" />
          <FullName>Web.Controllers.ExampleManageController/&lt;ChangePassword&gt;d__1</FullName>
          <Methods>
            <Method visited="false" cyclomaticComplexity="11" sequenceCoverage="0" branchCoverage="0" isConstructor="false" isStatic="false" isGetter="false" isSetter="false">
              <Summary numSequencePoints="12" visitedSequencePoints="0" numBranchPoints="18" visitedBranchPoints="0" sequenceCoverage="0" branchCoverage="0" maxCyclomaticComplexity="11" minCyclomaticComplexity="11" visitedClasses="0" numClasses="0" visitedMethods="0" numMethods="1" />
              <MetadataToken>100663482</MetadataToken>
              <Name>System.Void Web.Controllers.ExampleManageController/&lt;ChangePassword&gt;d__1::MoveNext()</Name>
              <FileRef uid="5" />
              <SequencePoints>
                <SequencePoint vc="0" uspid="139" ordinal="0" offset="63" sl="50" sc="9" el="50" ec="10" bec="5" bev="0" fileid="5" />
                <SequencePoint vc="0" uspid="140" ordinal="1" offset="64" sl="51" sc="13" el="51" ec="129" bec="2" bev="0" fileid="5" />
                <SequencePoint vc="0" uspid="141" ordinal="2" offset="232" sl="53" sc="13" el="53" ec="34" bec="2" bev="0" fileid="5" />
                <SequencePoint vc="0" uspid="142" ordinal="3" offset="255" sl="54" sc="13" el="54" ec="14" bec="0" bev="0" fileid="5" />
                <SequencePoint vc="0" uspid="143" ordinal="4" offset="256" sl="55" sc="17" el="55" ec="87" bec="2" bev="0" fileid="5" />
                <SequencePoint vc="0" uspid="144" ordinal="5" offset="402" sl="56" sc="17" el="56" ec="34" bec="2" bev="0" fileid="5" />
                <SequencePoint vc="0" uspid="145" ordinal="6" offset="417" sl="57" sc="17" el="57" ec="18" bec="0" bev="0" fileid="5" />
                <SequencePoint vc="0" uspid="146" ordinal="7" offset="418" sl="58" sc="21" el="58" ec="66" bec="2" bev="0" fileid="5" />
                <SequencePoint vc="0" uspid="147" ordinal="8" offset="536" sl="59" sc="17" el="59" ec="18" bec="0" bev="0" fileid="5" />
                <SequencePoint vc="0" uspid="148" ordinal="9" offset="537" sl="60" sc="17" el="60" ec="58" bec="0" bev="0" fileid="5" />
                <SequencePoint vc="0" uspid="149" ordinal="10" offset="561" sl="63" sc="13" el="63" ec="32" bec="0" bev="0" fileid="5" />
                <SequencePoint vc="0" uspid="150" ordinal="11" offset="608" sl="64" sc="9" el="64" ec="10" bec="0" bev="0" fileid="5" />
              </SequencePoints>
              <BranchPoints>
                <BranchPoint vc="0" uspid="151" ordinal="0" offset="13" sl="50" path="0" offsetchain="42 61" offsetend="63" fileid="5" />
                <BranchPoint vc="0" uspid="152" ordinal="1" offset="13" sl="50" path="1" offsetchain="44" offsetend="581" fileid="5" />
                <BranchPoint vc="0" uspid="153" ordinal="2" offset="13" sl="50" path="2" offsetchain="61" offsetend="63" fileid="5" />
                <BranchPoint vc="0" uspid="154" ordinal="3" offset="13" sl="50" path="3" offsetchain="61" offsetend="63" fileid="5" />
                <BranchPoint vc="0" uspid="155" ordinal="4" offset="13" sl="50" path="4" offsetchain="49" offsetend="176" fileid="5" />
                <BranchPoint vc="0" uspid="156" ordinal="5" offset="13" sl="50" path="5" offsetchain="51" offsetend="346" fileid="5" />
                <BranchPoint vc="0" uspid="157" ordinal="6" offset="13" sl="50" path="6" offsetchain="56" offsetend="489" fileid="5" />
                <BranchPoint vc="0" uspid="158" ordinal="7" offset="137" sl="51" path="0" offsetend="139" fileid="5" />
                <BranchPoint vc="0" uspid="159" ordinal="8" offset="137" sl="51" path="1" offsetend="207" fileid="5" />
                <BranchPoint vc="0" uspid="160" ordinal="9" offset="250" sl="53" path="0" offsetend="255" fileid="5" />
                <BranchPoint vc="0" uspid="161" ordinal="10" offset="250" sl="53" path="1" offsetend="561" fileid="5" />
                <BranchPoint vc="0" uspid="162" ordinal="11" offset="307" sl="55" path="0" offsetend="309" fileid="5" />
                <BranchPoint vc="0" uspid="163" ordinal="12" offset="307" sl="55" path="1" offsetend="377" fileid="5" />
                <BranchPoint vc="0" uspid="164" ordinal="13" offset="415" sl="56" path="0" offsetend="417" fileid="5" />
                <BranchPoint vc="0" uspid="165" ordinal="14" offset="415" sl="56" path="1" offsetend="537" fileid="5" />
                <BranchPoint vc="0" uspid="166" ordinal="15" offset="450" sl="58" path="0" offsetend="452" fileid="5" />
                <BranchPoint vc="0" uspid="167" ordinal="16" offset="450" sl="58" path="1" offsetend="520" fileid="5" />
              </BranchPoints>
              <MethodPoint vc="0" uspid="168" ordinal="0" offset="0" />
            </Method>
            <Method visited="false" cyclomaticComplexity="1" sequenceCoverage="0" branchCoverage="0" isConstructor="false" isStatic="false" isGetter="false" isSetter="false">
              <Summary numSequencePoints="0" visitedSequencePoints="0" numBranchPoints="0" visitedBranchPoints="0" sequenceCoverage="0" branchCoverage="0" maxCyclomaticComplexity="1" minCyclomaticComplexity="1" visitedClasses="0" numClasses="0" visitedMethods="0" numMethods="0" />
              <MetadataToken>100663483</MetadataToken>
              <Name>System.Void Web.Controllers.ExampleManageController/&lt;ChangePassword&gt;d__1::SetStateMachine(System.Runtime.CompilerServices.IAsyncStateMachine)</Name>
              <SequencePoints />
              <BranchPoints />
              <MethodPoint vc="0" uspid="169" ordinal="0" offset="0" />
            </Method>
          </Methods>
        </Class>
        <Class>
          <Summary numSequencePoints="4" visitedSequencePoints="0" numBranchPoints="7" visitedBranchPoints="0" sequenceCoverage="0" branchCoverage="0" maxCyclomaticComplexity="4" minCyclomaticComplexity="1" visitedClasses="0" numClasses="1" visitedMethods="0" numMethods="1" />
          <FullName>Web.Controllers.ExampleManageController/&lt;SignInAsync&gt;d__9</FullName>
          <Methods>
            <Method visited="false" cyclomaticComplexity="4" sequenceCoverage="0" branchCoverage="0" isConstructor="false" isStatic="false" isGetter="false" isSetter="false">
              <Summary numSequencePoints="4" visitedSequencePoints="0" numBranchPoints="7" visitedBranchPoints="0" sequenceCoverage="0" branchCoverage="0" maxCyclomaticComplexity="4" minCyclomaticComplexity="4" visitedClasses="0" numClasses="0" visitedMethods="0" numMethods="1" />
              <MetadataToken>100663484</MetadataToken>
              <Name>System.Void Web.Controllers.ExampleManageController/&lt;SignInAsync&gt;d__9::MoveNext()</Name>
              <FileRef uid="5" />
              <SequencePoints>
                <SequencePoint vc="0" uspid="170" ordinal="0" offset="32" sl="67" sc="9" el="67" ec="10" bec="4" bev="0" fileid="5" />
                <SequencePoint vc="0" uspid="171" ordinal="1" offset="33" sl="68" sc="13" el="68" ec="130" bec="0" bev="0" fileid="5" />
                <SequencePoint vc="0" uspid="172" ordinal="2" offset="74" sl="69" sc="13" el="69" ec="152" bec="2" bev="0" fileid="5" />
                <SequencePoint vc="0" uspid="173" ordinal="3" offset="365" sl="70" sc="9" el="70" ec="10" bec="0" bev="0" fileid="5" />
              </SequencePoints>
              <BranchPoints>
                <BranchPoint vc="0" uspid="174" ordinal="0" offset="12" sl="67" path="0" offsetend="14" fileid="5" />
                <BranchPoint vc="0" uspid="175" ordinal="1" offset="12" sl="67" path="1" offsetchain="20" offsetend="338" fileid="5" />
                <BranchPoint vc="0" uspid="176" ordinal="2" offset="16" sl="67" path="0" offsetchain="18 30" offsetend="32" fileid="5" />
                <BranchPoint vc="0" uspid="177" ordinal="3" offset="16" sl="67" path="1" offsetchain="25" offsetend="226" fileid="5" />
                <BranchPoint vc="0" uspid="178" ordinal="4" offset="167" sl="69" path="0" offsetend="172" fileid="5" />
                <BranchPoint vc="0" uspid="179" ordinal="5" offset="167" sl="69" path="1" offsetend="314" fileid="5" />
              </BranchPoints>
              <MethodPoint vc="0" uspid="180" ordinal="0" offset="0" />
            </Method>
            <Method visited="false" cyclomaticComplexity="1" sequenceCoverage="0" branchCoverage="0" isConstructor="false" isStatic="false" isGetter="false" isSetter="false">
              <Summary numSequencePoints="0" visitedSequencePoints="0" numBranchPoints="0" visitedBranchPoints="0" sequenceCoverage="0" branchCoverage="0" maxCyclomaticComplexity="1" minCyclomaticComplexity="1" visitedClasses="0" numClasses="0" visitedMethods="0" numMethods="0" />
              <MetadataToken>100663485</MetadataToken>
              <Name>System.Void Web.Controllers.ExampleManageController/&lt;SignInAsync&gt;d__9::SetStateMachine(System.Runtime.CompilerServices.IAsyncStateMachine)</Name>
              <SequencePoints />
              <BranchPoints />
              <MethodPoint vc="0" uspid="181" ordinal="0" offset="0" />
            </Method>
          </Methods>
        </Class>
        <Class>
          <Summary numSequencePoints="48" visitedSequencePoints="48" numBranchPoints="18" visitedBranchPoints="16" sequenceCoverage="100" branchCoverage="88.89" maxCyclomaticComplexity="3" minCyclomaticComplexity="1" visitedClasses="1" numClasses="1" visitedMethods="10" numMethods="10" />
          <FullName>Web.Controllers.StudentController</FullName>
          <Methods>
            <Method visited="true" cyclomaticComplexity="1" sequenceCoverage="100" branchCoverage="100" isConstructor="true" isStatic="false" isGetter="false" isSetter="false">
              <Summary numSequencePoints="6" visitedSequencePoints="6" numBranchPoints="1" visitedBranchPoints="1" sequenceCoverage="100" branchCoverage="100" maxCyclomaticComplexity="1" minCyclomaticComplexity="1" visitedClasses="0" numClasses="0" visitedMethods="1" numMethods="1" />
              <MetadataToken>100663350</MetadataToken>
              <Name>System.Void Web.Controllers.StudentController::.ctor(Core.DomainServices.IUnitOfWork,Core.DomainServices.IGenericRepository`1&lt;Core.DomainModel.Student&gt;,Microsoft.AspNet.Identity.IIdentityMessageService)</Name>
              <FileRef uid="8" />
              <SequencePoints>
                <SequencePoint vc="12" uspid="182" ordinal="0" offset="0" sl="33" sc="9" el="33" ec="142" bec="0" bev="0" fileid="8" />
                <SequencePoint vc="12" uspid="183" ordinal="1" offset="7" sl="34" sc="9" el="34" ec="10" bec="0" bev="0" fileid="8" />
                <SequencePoint vc="12" uspid="184" ordinal="2" offset="8" sl="35" sc="13" el="35" ec="52" bec="0" bev="0" fileid="8" />
                <SequencePoint vc="12" uspid="185" ordinal="3" offset="15" sl="36" sc="13" el="36" ec="42" bec="0" bev="0" fileid="8" />
                <SequencePoint vc="12" uspid="186" ordinal="4" offset="22" sl="37" sc="13" el="37" ec="38" bec="0" bev="0" fileid="8" />
                <SequencePoint vc="12" uspid="187" ordinal="5" offset="29" sl="38" sc="9" el="38" ec="10" bec="0" bev="0" fileid="8" />
              </SequencePoints>
              <BranchPoints />
              <MethodPoint xsi:type="SequencePoint" vc="12" uspid="182" ordinal="0" offset="0" sl="33" sc="9" el="33" ec="142" bec="0" bev="0" fileid="8" />
            </Method>
            <Method visited="true" cyclomaticComplexity="3" sequenceCoverage="100" branchCoverage="60" isConstructor="false" isStatic="false" isGetter="false" isSetter="false">
              <Summary numSequencePoints="6" visitedSequencePoints="6" numBranchPoints="5" visitedBranchPoints="3" sequenceCoverage="100" branchCoverage="60" maxCyclomaticComplexity="3" minCyclomaticComplexity="3" visitedClasses="0" numClasses="0" visitedMethods="1" numMethods="1" />
              <MetadataToken>100663351</MetadataToken>
              <Name>System.Web.Mvc.ActionResult Web.Controllers.StudentController::Index()</Name>
              <FileRef uid="8" />
              <SequencePoints>
                <SequencePoint vc="1" uspid="188" ordinal="0" offset="0" sl="41" sc="9" el="41" ec="10" bec="0" bev="0" fileid="8" />
                <SequencePoint vc="1" uspid="189" ordinal="1" offset="1" sl="42" sc="13" el="42" ec="52" bec="2" bev="1" fileid="8" />
                <SequencePoint vc="1" uspid="190" ordinal="2" offset="105" sl="47" sc="13" el="52" ec="20" bec="2" bev="1" fileid="8" />
                <SequencePoint vc="1" uspid="191" ordinal="3" offset="448" sl="55" sc="13" el="64" ec="15" bec="0" bev="0" fileid="8" />
[...]
              <Name>System.Web.Mvc.ActionResult Web.Controllers.HomeController::Index()</Name>
              <FileRef uid="10" />
              <SequencePoints>
                <SequencePoint vc="0" uspid="258" ordinal="0" offset="0" sl="17" sc="9" el="17" ec="10" bec="0" bev="0" fileid="10" />
                <SequencePoint vc="0" uspid="259" ordinal="1" offset="1" sl="18" sc="13" el="18" ec="27" bec="0" bev="0" fileid="10" />
                <SequencePoint vc="0" uspid="260" ordinal="2" offset="10" sl="19" sc="9" el="19" ec="10" bec="0" bev="0" fileid="10" />
              </SequencePoints>
              <BranchPoints />
              <MethodPoint xsi:type="SequencePoint" vc="0" uspid="258" ordinal="0" offset="0" sl="17" sc="9" el="17" ec="10" bec="0" bev="0" fileid="10" />
            </Method>
            <Method visited="false" cyclomaticComplexity="2" sequenceCoverage="0" branchCoverage="0" isConstructor="false" isStatic="false" isGetter="false" isSetter="false">
              <Summary numSequencePoints="4" visitedSequencePoints="0" numBranchPoints="3" visitedBranchPoints="0" sequenceCoverage="0" branchCoverage="0" maxCyclomaticComplexity="2" minCyclomaticComplexity="2" visitedClasses="0" numClasses="0" visitedMethods="0" numMethods="1" />
              <MetadataToken>100663363</MetadataToken>
              <Name>System.Web.Mvc.ActionResult Web.Controllers.HomeController::About()</Name>
              <FileRef uid="10" />
              <SequencePoints>
                <SequencePoint vc="0" uspid="261" ordinal="0" offset="0" sl="22" sc="9" el="22" ec="10" bec="0" bev="0" fileid="10" />
                <SequencePoint vc="0" uspid="262" ordinal="1" offset="1" sl="23" sc="13" el="23" ec="68" bec="2" bev="0" fileid="10" />
                <SequencePoint vc="0" uspid="263" ordinal="2" offset="101" sl="25" sc="13" el="25" ec="27" bec="0" bev="0" fileid="10" />
                <SequencePoint vc="0" uspid="264" ordinal="3" offset="110" sl="26" sc="9" el="26" ec="10" bec="0" bev="0" fileid="10" />
              </SequencePoints>
              <BranchPoints>
                <BranchPoint vc="0" uspid="265" ordinal="0" offset="6" sl="23" path="0" offsetend="8" fileid="10" />
                <BranchPoint vc="0" uspid="266" ordinal="1" offset="6" sl="23" path="1" offsetend="69" fileid="10" />
              </BranchPoints>
              <MethodPoint xsi:type="SequencePoint" vc="0" uspid="261" ordinal="0" offset="0" sl="22" sc="9" el="22" ec="10" bec="0" bev="0" fileid="10" />
            </Method>
            <Method visited="false" cyclomaticComplexity="2" sequenceCoverage="0" branchCoverage="0" isConstructor="false" isStatic="false" isGetter="false" isSetter="false">
              <Summary numSequencePoints="4" visitedSequencePoints="0" numBranchPoints="3" visitedBranchPoints="0" sequenceCoverage="0" branchCoverage="0" maxCyclomaticComplexity="2" minCyclomaticComplexity="2" visitedClasses="0" numClasses="0" visitedMethods="0" numMethods="1" />
              <MetadataToken>100663364</MetadataToken>
              <Name>System.Web.Mvc.ActionResult Web.Controllers.HomeController::Contact()</Name>
              <FileRef uid="10" />
              <SequencePoints>
                <SequencePoint vc="0" uspid="267" ordinal="0" offset="0" sl="29" sc="9" el="29" ec="10" bec="0" bev="0" fileid="10" />
                <SequencePoint vc="0" uspid="268" ordinal="1" offset="1" sl="30" sc="13" el="30" ec="52" bec="2" bev="0" fileid="10" />
                <SequencePoint vc="0" uspid="269" ordinal="2" offset="101" sl="32" sc="13" el="32" ec="27" bec="0" bev="0" fileid="10" />
                <SequencePoint vc="0" uspid="270" ordinal="3" offset="110" sl="33" sc="9" el="33" ec="10" bec="0" bev="0" fileid="10" />
              </SequencePoints>
              <BranchPoints>
                <BranchPoint vc="0" uspid="271" ordinal="0" offset="6" sl="30" path="0" offsetend="8" fileid="10" />
                <BranchPoint vc="0" uspid="272" ordinal="1" offset="6" sl="30" path="1" offsetend="69" fileid="10" />
              </BranchPoints>
              <MethodPoint xsi:type="SequencePoint" vc="0" uspid="267" ordinal="0" offset="0" sl="29" sc="9" el="29" ec="10" bec="0" bev="0" fileid="10" />
            </Method>
          </Methods>
        </Class>
        <Class>
          <Summary numSequencePoints="0" visitedSequencePoints="0" numBranchPoints="0" visitedBranchPoints="0" sequenceCoverage="0" branchCoverage="0" maxCyclomaticComplexity="0" minCyclomaticComplexity="0" visitedClasses="0" numClasses="0" visitedMethods="0" numMethods="0" />
          <FullName>Web.Controllers.HomeController/&lt;About&gt;o__SiteContainer0</FullName>
          <Methods />
        </Class>
        <Class>
          <Summary numSequencePoints="0" visitedSequencePoints="0" numBranchPoints="0" visitedBranchPoints="0" sequenceCoverage="0" branchCoverage="0" maxCyclomaticComplexity="0" minCyclomaticComplexity="0" visitedClasses="0" numClasses="0" visitedMethods="0" numMethods="0" />
          <FullName>Web.Controllers.HomeController/&lt;Contact&gt;o__SiteContainer2</FullName>
          <Methods />
        </Class>
        <Class skippedDueTo="Filter">
          <FullName>Web.MvcApplication</FullName>
          <Methods />
        </Class>
        <Class skippedDueTo="Filter">
          <FullName>Web.Mail.MailHandler</FullName>
          <Methods />
        </Class>
        <Class skippedDueTo="Filter">
          <FullName>Web.Models.RegisterViewModelExample</FullName>
          <Methods />
        </Class>
        <Class skippedDueTo="Filter">
          <FullName>Web.Models.LoginViewModelExample</FullName>
          <Methods />
        </Class>
        <Class skippedDueTo="Filter">
          <FullName>Web.Models.ForgotPasswordViewModelExample</FullName>
          <Methods />
        </Class>
        <Class skippedDueTo="Filter">
          <FullName>Web.Models.ManageIndexViewModelExample</FullName>
          <Methods />
        </Class>
        <Class skippedDueTo="Filter">
          <FullName>Web.Models.ChangePasswordViewModelExample</FullName>
          <Methods />
        </Class>
        <Class skippedDueTo="Filter">
          <FullName>Web.Models.IndexViewModel</FullName>
          <Methods />
        </Class>
        <Class skippedDueTo="Filter">
          <FullName>Web.Models.ManageLoginsViewModel</FullName>
          <Methods />
        </Class>
        <Class skippedDueTo="Filter">
          <FullName>Web.Models.FactorViewModel</FullName>
          <Methods />
        </Class>
        <Class skippedDueTo="Filter">
          <FullName>Web.Models.SetPasswordViewModel</FullName>
          <Methods />
        </Class>
        <Class skippedDueTo="Filter">
          <FullName>Web.Models.ChangePasswordViewModel</FullName>
          <Methods />
        </Class>
        <Class skippedDueTo="Filter">
          <FullName>Web.Models.AddPhoneNumberViewModel</FullName>
          <Methods />
        </Class>
        <Class skippedDueTo="Filter">
          <FullName>Web.Models.VerifyPhoneNumberViewModel</FullName>
          <Methods />
        </Class>
        <Class skippedDueTo="Filter">
          <FullName>Web.Models.ConfigureTwoFactorViewModel</FullName>
          <Methods />
        </Class>
        <Class skippedDueTo="Filter">
          <FullName>Web.Models.PagedData`1</FullName>
          <Methods />
        </Class>
        <Class skippedDueTo="Filter">
          <FullName>Web.Models.IndexStudentViewModel</FullName>
          <Methods />
        </Class>
        <Class skippedDueTo="Filter">
          <FullName>Web.Models.StudentViewModel</FullName>
          <Methods />
        </Class>
        <Class skippedDueTo="Filter">
          <FullName>Web.Models.MailViewModel</FullName>
          <Methods />
        </Class>
        <Class skippedDueTo="Filter">
          <FullName>&lt;&gt;f__AnonymousType0`3</FullName>
          <Methods />
        </Class>
      </Classes>
    </Module>
    <Module skippedDueTo="Filter" hash="21-F0-4E-BB-1B-85-40-9F-43-4C-AC-3B-71-B5-AA-D3-D3-4C-BE-DF">
      <FullName>D:\mvc-onion-template\mvc-onion-template\UnitTests\bin\Debug\System.Web.Mvc.dll</FullName>
      <ModuleName>System.Web.Mvc</ModuleName>
      <Classes />
    </Module>
    <Module skippedDueTo="MissingPdb" hash="FB-DA-72-A3-B9-8C-39-C0-6F-F2-82-2C-C3-BA-64-8C-91-35-77-9D">
      <FullName>D:\mvc-onion-template\mvc-onion-template\UnitTests\bin\Debug\AutoMapper.dll</FullName>
      <ModuleName>AutoMapper</ModuleName>
      <Classes />
    </Module>
    <Module skippedDueTo="Filter" hash="C4-A2-27-56-A1-A0-C6-27-70-D9-77-45-7B-5E-40-61-AD-18-71-65">
      <FullName>C:\Windows\Microsoft.Net\assembly\GAC_MSIL\System.ServiceModel\v4.0_4.0.0.0__b77a5c561934e089\System.ServiceModel.dll</FullName>
      <ModuleName>System.ServiceModel</ModuleName>
      <Classes />
    </Module>
    <Module skippedDueTo="Filter" hash="3B-FD-DC-EB-D9-C6-34-64-C7-D5-6A-D1-A0-04-93-80-2B-B0-C7-73">
      <FullName>C:\Windows\Microsoft.Net\assembly\GAC_MSIL\System.Configuration\v4.0_4.0.0.0__b03f5f7f11d50a3a\System.Configuration.dll</FullName>
      <ModuleName>System.Configuration</ModuleName>
      <Classes />
    </Module>
    <Module skippedDueTo="Filter" hash="2C-B8-8B-0E-27-14-38-8E-71-A5-1D-A0-EE-33-D9-22-5F-A4-AF-79">
      <FullName>C:\Windows\Microsoft.Net\assembly\GAC_MSIL\System.Xml\v4.0_4.0.0.0__b77a5c561934e089\System.Xml.dll</FullName>
      <ModuleName>System.Xml</ModuleName>
      <Classes />
    </Module>
    <Module skippedDueTo="MissingPdb" hash="">
      <FullName>RefEmit_InMemoryManifestModule</FullName>
      <ModuleName>DynamicProxyGenAssembly2</ModuleName>
      <Classes />
    </Module>
    <Module skippedDueTo="MissingPdb" hash="">
      <FullName>RefEmit_InMemoryManifestModule</FullName>
      <ModuleName>DynamicProxyGenAssembly2</ModuleName>
      <Classes />
    </Module>
    <Module skippedDueTo="MissingPdb" hash="E7-2A-8B-04-DC-64-4F-72-41-37-5E-10-51-DF-B8-A7-38-99-7F-E9">
      <FullName>D:\mvc-onion-template\mvc-onion-template\UnitTests\bin\Debug\AutoMapper.Net4.dll</FullName>
      <ModuleName>AutoMapper.Net4</ModuleName>
      <Classes />
    </Module>
    <Module skippedDueTo="Filter" hash="E8-CF-D0-31-B7-08-09-49-33-9E-C6-6E-25-45-0D-15-0B-40-3C-F2">
      <FullName>C:\Windows\Microsoft.Net\assembly\GAC_64\System.Data\v4.0_4.0.0.0__b77a5c561934e089\System.Data.dll</FullName>
      <ModuleName>System.Data</ModuleName>
      <Classes />
    </Module>
    <Module skippedDueTo="Filter" hash="04-D0-35-3E-A0-6D-F2-09-44-01-8B-03-C1-3E-D6-FE-52-0C-05-6E">
      <FullName>C:\Windows\Microsoft.Net\assembly\GAC_MSIL\System.Security\v4.0_4.0.0.0__b03f5f7f11d50a3a\System.Security.dll</FullName>
      <ModuleName>System.Security</ModuleName>
      <Classes />
    </Module>
    <Module skippedDueTo="MissingPdb" hash="">
      <FullName>RefEmit_InMemoryManifestModule</FullName>
      <ModuleName>Anonymously Hosted DynamicMethods Assembly</ModuleName>
      <Classes />
    </Module>
    <Module hash="0C-FE-7E-8F-42-F0-9C-C6-C2-53-AE-9B-AB-A5-C4-73-A7-C5-5D-38">
      <Summary numSequencePoints="0" visitedSequencePoints="0" numBranchPoints="0" visitedBranchPoints="0" sequenceCoverage="0" branchCoverage="0" maxCyclomaticComplexity="0" minCyclomaticComplexity="0" visitedClasses="0" numClasses="0" visitedMethods="0" numMethods="0" />
      <FullName>D:\mvc-onion-template\mvc-onion-template\UnitTests\bin\Debug\xunit.assert.dll</FullName>
      <ModuleName>xunit.assert</ModuleName>
      <Files />
      <Classes>
        <Class skippedDueTo="Filter">
          <FullName>&lt;Module&gt;</FullName>
          <Methods />
        </Class>
        <Class skippedDueTo="Filter">
          <FullName>Xunit.Assert</FullName>
          <Methods />
        </Class>
        <Class skippedDueTo="Filter">
          <FullName>Xunit.Assert/&lt;&gt;c__DisplayClass1</FullName>
          <Methods />
        </Class>
        <Class skippedDueTo="Filter">
          <FullName>Xunit.Assert/&lt;&gt;c__DisplayClass15</FullName>
          <Methods />
        </Class>
        <Class skippedDueTo="Filter">
          <FullName>Xunit.Sdk.ArgumentFormatter</FullName>
          <Methods />
        </Class>
        <Class skippedDueTo="Filter">
          <FullName>Xunit.Sdk.ArgumentFormatter/&lt;&gt;c__DisplayClassc</FullName>
          <Methods />
        </Class>
        <Class skippedDueTo="Filter">
          <FullName>Xunit.Sdk.ArgumentFormatter/&lt;&gt;c__DisplayClassc/&lt;&gt;c__DisplayClasse</FullName>
          <Methods />
        </Class>
        <Class skippedDueTo="Filter">
          <FullName>Xunit.Sdk.ArgumentFormatter/&lt;&gt;c__DisplayClassc/&lt;&gt;c__DisplayClass10</FullName>
          <Methods />
        </Class>
        <Class skippedDueTo="Filter">
          <FullName>Xunit.Sdk.ArgumentFormatter/&lt;&gt;c__DisplayClass13</FullName>
          <Methods />
        </Class>
        <Class skippedDueTo="Filter">
          <FullName>Xunit.Sdk.AssertComparer`1</FullName>
          <Methods />
        </Class>
        <Class skippedDueTo="Filter">
          <FullName>Xunit.Sdk.AssertEqualityComparer`1</FullName>
          <Methods />
        </Class>
        <Class skippedDueTo="Filter">
          <FullName>Xunit.Sdk.AssertEqualityComparer`1/&lt;&gt;c__DisplayClass2</FullName>
          <Methods />
        </Class>
        <Class skippedDueTo="Filter">
          <FullName>Xunit.Sdk.AssertEqualityComparerAdapter`1</FullName>
          <Methods />
        </Class>
        <Class skippedDueTo="Filter">
          <FullName>Xunit.Sdk.XunitException</FullName>
          <Methods />
        </Class>
        <Class skippedDueTo="Filter">
          <FullName>Xunit.Sdk.AssertActualExpectedException</FullName>
          <Methods />
        </Class>
        <Class skippedDueTo="Filter">
          <FullName>Xunit.Sdk.AssertCollectionCountException</FullName>
          <Methods />
        </Class>
        <Class skippedDueTo="Filter">
          <FullName>Xunit.Sdk.CollectionException</FullName>
          <Methods />
        </Class>
        <Class skippedDueTo="Filter">
          <FullName>Xunit.Sdk.AllException</FullName>
          <Methods />
        </Class>
        <Class skippedDueTo="Filter">
          <FullName>Xunit.Sdk.ContainsException</FullName>
          <Methods />
        </Class>
        <Class skippedDueTo="Filter">
          <FullName>Xunit.Sdk.DoesNotContainException</FullName>
          <Methods />
        </Class>
        <Class skippedDueTo="Filter">
          <FullName>Xunit.Sdk.DoesNotMatchException</FullName>
          <Methods />
        </Class>
        <Class skippedDueTo="Filter">
          <FullName>Xunit.Sdk.EmptyException</FullName>
          <Methods />
        </Class>
        <Class skippedDueTo="Filter">
          <FullName>Xunit.Sdk.EndsWithException</FullName>
          <Methods />
        </Class>
        <Class skippedDueTo="Filter">
          <FullName>Xunit.Sdk.EqualException</FullName>
          <Methods />
        </Class>
        <Class skippedDueTo="Filter">
          <FullName>Xunit.Sdk.FalseException</FullName>
          <Methods />
        </Class>
        <Class skippedDueTo="Filter">
          <FullName>Xunit.Sdk.InRangeException</FullName>
          <Methods />
        </Class>
        <Class skippedDueTo="Filter">
          <FullName>Xunit.Sdk.IsAssignableFromException</FullName>
          <Methods />
        </Class>
        <Class skippedDueTo="Filter">
          <FullName>Xunit.Sdk.IsNotTypeException</FullName>
          <Methods />
        </Class>
        <Class skippedDueTo="Filter">
          <FullName>Xunit.Sdk.IsTypeException</FullName>
          <Methods />
        </Class>
        <Class skippedDueTo="Filter">
          <FullName>Xunit.Sdk.MatchesException</FullName>
          <Methods />
        </Class>
        <Class skippedDueTo="Filter">
          <FullName>Xunit.Sdk.NotEmptyException</FullName>
          <Methods />
        </Class>
        <Class skippedDueTo="Filter">
          <FullName>Xunit.Sdk.NotEqualException</FullName>
          <Methods />
        </Class>
        <Class skippedDueTo="Filter">
          <FullName>Xunit.Sdk.NotInRangeException</FullName>
          <Methods />
        </Class>
        <Class skippedDueTo="Filter">
          <FullName>Xunit.Sdk.NotNullException</FullName>
          <Methods />
        </Class>
        <Class skippedDueTo="Filter">
          <FullName>Xunit.Sdk.NotSameException</FullName>
          <Methods />
        </Class>
        <Class skippedDueTo="Filter">
          <FullName>Xunit.Sdk.NullException</FullName>
          <Methods />
        </Class>
        <Class skippedDueTo="Filter">
          <FullName>Xunit.Sdk.ParameterCountMismatchException</FullName>
          <Methods />
        </Class>
        <Class skippedDueTo="Filter">
          <FullName>Xunit.Sdk.ProperSubsetException</FullName>
          <Methods />
        </Class>
        <Class skippedDueTo="Filter">
          <FullName>Xunit.Sdk.ProperSupersetException</FullName>
          <Methods />
        </Class>
        <Class skippedDueTo="Filter">
          <FullName>Xunit.Sdk.PropertyChangedException</FullName>
          <Methods />
        </Class>
        <Class skippedDueTo="Filter">
          <FullName>Xunit.Sdk.SameException</FullName>
          <Methods />
        </Class>
        <Class skippedDueTo="Filter">
          <FullName>Xunit.Sdk.SingleException</FullName>
          <Methods />
        </Class>
        <Class skippedDueTo="Filter">
          <FullName>Xunit.Sdk.StartsWithException</FullName>
          <Methods />
        </Class>
        <Class skippedDueTo="Filter">
          <FullName>Xunit.Sdk.SubsetException</FullName>
          <Methods />
        </Class>
        <Class skippedDueTo="Filter">
          <FullName>Xunit.Sdk.SupersetException</FullName>
          <Methods />
        </Class>
        <Class skippedDueTo="Filter">
          <FullName>Xunit.Sdk.ThrowsException</FullName>
          <Methods />
        </Class>
        <Class skippedDueTo="Filter">
          <FullName>Xunit.Sdk.TrueException</FullName>
          <Methods />
        </Class>
        <Class skippedDueTo="Filter">
          <FullName>&lt;&gt;f__AnonymousType0`2</FullName>
          <Methods />
        </Class>
      </Classes>
    </Module>
    <Module skippedDueTo="Filter" hash="2A-DA-02-12-E3-84-C9-D6-7E-6C-96-EC-6A-BF-C7-79-BE-E1-90-F3">
      <FullName>C:\Windows\Microsoft.Net\assembly\GAC_64\System.Web\v4.0_4.0.0.0__b03f5f7f11d50a3a\System.Web.dll</FullName>
      <ModuleName>System.Web</ModuleName>
      <Classes />
    </Module>
    <Module skippedDueTo="Filter" hash="8F-C3-92-B4-28-A7-81-A7-13-44-F1-25-D7-81-7B-9C-6F-38-5B-A5">
      <FullName>D:\mvc-onion-template\mvc-onion-template\UnitTests\bin\Debug\System.Web.WebPages.dll</FullName>
      <ModuleName>System.Web.WebPages</ModuleName>
      <Classes />
    </Module>
    <Module skippedDueTo="Filter" hash="EC-FF-9D-4B-0C-AE-7A-3C-63-A6-9E-91-68-0A-BA-A4-D2-4E-03-EE">
      <FullName>C:\Windows\Microsoft.Net\assembly\GAC_MSIL\System.Reflection\v4.0_4.0.0.0__b03f5f7f11d50a3a\System.Reflection.dll</FullName>
      <ModuleName>System.Reflection</ModuleName>
      <Classes />
    </Module>
    <Module skippedDueTo="MissingPdb" hash="C8-1B-95-44-2E-BF-5A-19-78-BF-E8-87-A8-C2-18-88-E9-90-3B-92">
      <FullName>C:\Windows\Microsoft.Net\assembly\GAC_MSIL\Microsoft.CSharp\v4.0_4.0.0.0__b03f5f7f11d50a3a\Microsoft.CSharp.dll</FullName>
      <ModuleName>Microsoft.CSharp</ModuleName>
      <Classes />
    </Module>
    <Module skippedDueTo="Filter" hash="5A-6C-7F-7A-AD-9C-F7-09-A9-F6-AD-91-20-64-57-83-B8-A0-7B-EE">
      <FullName>C:\Windows\Microsoft.Net\assembly\GAC_MSIL\System.Dynamic\v4.0_4.0.0.0__b03f5f7f11d50a3a\System.Dynamic.dll</FullName>
      <ModuleName>System.Dynamic</ModuleName>
      <Classes />
    </Module>
  </Modules>
</CoverageSession>